avr. 27, 2016 11:18:10 PM org.apache.catalina.core.AprLifecycleListener init
INFOS: The APR based Apache Tomcat Native library which allows optimal performance in production environments was not found on the java.library.path: /usr/java/packages/lib/i386:/lib:/usr/lib
avr. 27, 2016 11:18:11 PM org.apache.coyote.AbstractProtocol init
INFOS: Initializing ProtocolHandler ["http-bio-8080"]
avr. 27, 2016 11:18:11 PM org.apache.coyote.AbstractProtocol init
INFOS: Initializing ProtocolHandler ["ajp-bio-8009"]
avr. 27, 2016 11:18:12 PM org.apache.openejb.util.OptionsLog info
INFOS: Using 'openejb.jdbc.datasource-creator=org.apache.tomee.jdbc.TomEEDataSourceCreator'
avr. 27, 2016 11:18:12 PM org.apache.openejb.OpenEJB$Instance <init>
INFOS: ********************************************************************************
avr. 27, 2016 11:18:12 PM org.apache.openejb.OpenEJB$Instance <init>
INFOS: OpenEJB http://openejb.apache.org/
avr. 27, 2016 11:18:12 PM org.apache.openejb.OpenEJB$Instance <init>
INFOS: Startup: Wed Apr 27 23:18:12 CEST 2016
avr. 27, 2016 11:18:12 PM org.apache.openejb.OpenEJB$Instance <init>
INFOS: Copyright 1999-2013 (C) Apache OpenEJB Project, All Rights Reserved.
avr. 27, 2016 11:18:12 PM org.apache.openejb.OpenEJB$Instance <init>
INFOS: Version: 4.7.1
avr. 27, 2016 11:18:12 PM org.apache.openejb.OpenEJB$Instance <init>
INFOS: Build date: 20140912
avr. 27, 2016 11:18:12 PM org.apache.openejb.OpenEJB$Instance <init>
INFOS: Build time: 01:43
avr. 27, 2016 11:18:12 PM org.apache.openejb.OpenEJB$Instance <init>
INFOS: ********************************************************************************
avr. 27, 2016 11:18:12 PM org.apache.openejb.OpenEJB$Instance <init>
INFOS: openejb.home = /home/dimitri/Documents/master/S2/CAR/car-tp4/apache-tomee
avr. 27, 2016 11:18:12 PM org.apache.openejb.OpenEJB$Instance <init>
INFOS: openejb.base = /home/dimitri/Documents/master/S2/CAR/car-tp4/apache-tomee
avr. 27, 2016 11:18:12 PM org.apache.openejb.cdi.CdiBuilder initializeOWB
INFOS: Created new singletonService org.apache.openejb.cdi.ThreadSingletonServiceImpl@73b9ce
avr. 27, 2016 11:18:12 PM org.apache.openejb.cdi.CdiBuilder initializeOWB
INFOS: Succeeded in installing singleton service
avr. 27, 2016 11:18:12 PM org.apache.openejb.config.ConfigurationFactory init
INFOS: openejb configuration file is '/home/dimitri/Documents/master/S2/CAR/car-tp4/apache-tomee/conf/tomee.xml'
avr. 27, 2016 11:18:12 PM org.apache.openejb.config.ConfigurationFactory configureService
INFOS: Configuring Service(id=Tomcat Security Service, type=SecurityService, provider-id=Tomcat Security Service)
avr. 27, 2016 11:18:12 PM org.apache.openejb.config.ConfigurationFactory configureService
INFOS: Configuring Service(id=Default Transaction Manager, type=TransactionManager, provider-id=Default Transaction Manager)
avr. 27, 2016 11:18:12 PM org.apache.openejb.util.OptionsLog info
INFOS: Using 'openejb.system.apps=true'
avr. 27, 2016 11:18:12 PM org.apache.openejb.config.ConfigurationFactory configureApplication
INFOS: Configuring enterprise application: openejb
avr. 27, 2016 11:18:12 PM org.apache.openejb.config.InitEjbDeployments deploy
INFOS: Using openejb.deploymentId.format '{ejbName}'
avr. 27, 2016 11:18:12 PM org.apache.openejb.config.InitEjbDeployments deploy
INFOS: Auto-deploying ejb openejb/Deployer: EjbDeployment(deployment-id=openejb/Deployer)
avr. 27, 2016 11:18:12 PM org.apache.openejb.config.InitEjbDeployments deploy
INFOS: Auto-deploying ejb openejb/ConfigurationInfo: EjbDeployment(deployment-id=openejb/ConfigurationInfo)
avr. 27, 2016 11:18:12 PM org.apache.openejb.config.InitEjbDeployments deploy
INFOS: Auto-deploying ejb MEJB: EjbDeployment(deployment-id=MEJB)
avr. 27, 2016 11:18:12 PM org.apache.openejb.config.ConfigurationFactory configureService
INFOS: Configuring Service(id=Default Stateless Container, type=Container, provider-id=Default Stateless Container)
avr. 27, 2016 11:18:12 PM org.apache.openejb.config.AutoConfig createContainer
INFOS: Auto-creating a container for bean openejb/Deployer: Container(type=STATELESS, id=Default Stateless Container)
avr. 27, 2016 11:18:12 PM org.apache.openejb.config.AppInfoBuilder build
INFOS: Enterprise application "openejb" loaded.
avr. 27, 2016 11:18:12 PM org.apache.openejb.assembler.classic.Assembler createRecipe
INFOS: Creating TransactionManager(id=Default Transaction Manager)
avr. 27, 2016 11:18:12 PM org.apache.openejb.assembler.classic.Assembler createRecipe
INFOS: Creating SecurityService(id=Tomcat Security Service)
avr. 27, 2016 11:18:12 PM org.apache.openejb.assembler.classic.Assembler createRecipe
INFOS: Creating Container(id=Default Stateless Container)
avr. 27, 2016 11:18:13 PM org.apache.openejb.assembler.classic.Assembler createApplication
INFOS: Assembling app: openejb
avr. 27, 2016 11:18:13 PM org.apache.openejb.util.OptionsLog info
INFOS: Using 'openejb.jndiname.format={deploymentId}{interfaceType.openejbLegacyName}'
avr. 27, 2016 11:18:13 PM org.apache.openejb.assembler.classic.JndiBuilder bind
INFOS: Jndi(name=openejb/DeployerBusinessRemote) --> Ejb(deployment-id=openejb/Deployer)
avr. 27, 2016 11:18:13 PM org.apache.openejb.assembler.classic.JndiBuilder bind
INFOS: Jndi(name=global/openejb/openejb/Deployer!org.apache.openejb.assembler.Deployer) --> Ejb(deployment-id=openejb/Deployer)
avr. 27, 2016 11:18:13 PM org.apache.openejb.assembler.classic.JndiBuilder bind
INFOS: Jndi(name=global/openejb/openejb/Deployer) --> Ejb(deployment-id=openejb/Deployer)
avr. 27, 2016 11:18:13 PM org.apache.openejb.assembler.classic.JndiBuilder bind
INFOS: Jndi(name=openejb/ConfigurationInfoBusinessRemote) --> Ejb(deployment-id=openejb/ConfigurationInfo)
avr. 27, 2016 11:18:13 PM org.apache.openejb.assembler.classic.JndiBuilder bind
INFOS: Jndi(name=global/openejb/openejb/ConfigurationInfo!org.apache.openejb.assembler.classic.cmd.ConfigurationInfo) --> Ejb(deployment-id=openejb/ConfigurationInfo)
avr. 27, 2016 11:18:13 PM org.apache.openejb.assembler.classic.JndiBuilder bind
INFOS: Jndi(name=global/openejb/openejb/ConfigurationInfo) --> Ejb(deployment-id=openejb/ConfigurationInfo)
avr. 27, 2016 11:18:13 PM org.apache.openejb.assembler.classic.JndiBuilder bind
INFOS: Jndi(name=MEJB) --> Ejb(deployment-id=MEJB)
avr. 27, 2016 11:18:13 PM org.apache.openejb.assembler.classic.JndiBuilder bind
INFOS: Jndi(name=global/openejb/MEJB!javax.management.j2ee.ManagementHome) --> Ejb(deployment-id=MEJB)
avr. 27, 2016 11:18:13 PM org.apache.openejb.assembler.classic.JndiBuilder bind
INFOS: Jndi(name=global/openejb/MEJB) --> Ejb(deployment-id=MEJB)
avr. 27, 2016 11:18:13 PM org.apache.openejb.assembler.classic.Assembler startEjbs
INFOS: Created Ejb(deployment-id=MEJB, ejb-name=MEJB, container=Default Stateless Container)
avr. 27, 2016 11:18:13 PM org.apache.openejb.assembler.classic.Assembler startEjbs
INFOS: Created Ejb(deployment-id=openejb/ConfigurationInfo, ejb-name=openejb/ConfigurationInfo, container=Default Stateless Container)
avr. 27, 2016 11:18:13 PM org.apache.openejb.assembler.classic.Assembler startEjbs
INFOS: Created Ejb(deployment-id=openejb/Deployer, ejb-name=openejb/Deployer, container=Default Stateless Container)
avr. 27, 2016 11:18:13 PM org.apache.openejb.assembler.classic.Assembler startEjbs
INFOS: Started Ejb(deployment-id=MEJB, ejb-name=MEJB, container=Default Stateless Container)
avr. 27, 2016 11:18:13 PM org.apache.openejb.assembler.classic.Assembler startEjbs
INFOS: Started Ejb(deployment-id=openejb/ConfigurationInfo, ejb-name=openejb/ConfigurationInfo, container=Default Stateless Container)
avr. 27, 2016 11:18:13 PM org.apache.openejb.assembler.classic.Assembler startEjbs
INFOS: Started Ejb(deployment-id=openejb/Deployer, ejb-name=openejb/Deployer, container=Default Stateless Container)
avr. 27, 2016 11:18:13 PM org.apache.openejb.assembler.classic.Assembler deployMBean
INFOS: Deployed MBean(openejb.user.mbeans:application=openejb,group=org.apache.openejb.assembler.monitoring,name=JMXDeployer)
avr. 27, 2016 11:18:13 PM org.apache.openejb.assembler.classic.Assembler createApplication
INFOS: Deployed Application(path=openejb)
avr. 27, 2016 11:18:13 PM org.apache.openejb.server.SimpleServiceManager start
INFOS:   ** Bound Services **
avr. 27, 2016 11:18:13 PM org.apache.openejb.server.SimpleServiceManager printRow
INFOS:   NAME                 IP              PORT  
avr. 27, 2016 11:18:13 PM org.apache.openejb.server.SimpleServiceManager start
INFOS: -------
avr. 27, 2016 11:18:13 PM org.apache.openejb.server.SimpleServiceManager start
INFOS: Ready!
avr. 27, 2016 11:18:13 PM org.apache.catalina.startup.Catalina load
INFOS: Initialization processed in 2750 ms
avr. 27, 2016 11:18:13 PM org.apache.tomee.catalina.OpenEJBNamingContextListener bindResource
INFOS: Importing a Tomcat Resource with id 'UserDatabase' of type 'org.apache.catalina.UserDatabase'.
avr. 27, 2016 11:18:13 PM org.apache.openejb.assembler.classic.Assembler createRecipe
INFOS: Creating Resource(id=UserDatabase)
avr. 27, 2016 11:18:13 PM org.apache.catalina.core.StandardService startInternal
INFOS: Démarrage du service Catalina
avr. 27, 2016 11:18:13 PM org.apache.catalina.core.StandardEngine startInternal
INFOS: Starting Servlet Engine: Apache Tomcat (TomEE)/7.0.55 (1.7.1)
avr. 27, 2016 11:18:13 PM org.apache.catalina.startup.HostConfig deployWAR
INFOS: Déploiement de l'archive /home/dimitri/Documents/master/S2/CAR/car-tp4/apache-tomee/webapps/ROOT.war de l'application web
avr. 27, 2016 11:18:13 PM org.apache.tomee.catalina.TomcatWebAppBuilder init
INFOS: ------------------------- localhost -> /
avr. 27, 2016 11:18:13 PM org.apache.openejb.config.ConfigurationFactory configureApplication
INFOS: Configuring enterprise application: /home/dimitri/Documents/master/S2/CAR/car-tp4/apache-tomee/webapps/ROOT
avr. 27, 2016 11:18:14 PM org.apache.openejb.config.InitEjbDeployments deploy
INFOS: Auto-deploying ejb Bibliotheque: EjbDeployment(deployment-id=Bibliotheque)
avr. 27, 2016 11:18:14 PM org.apache.openejb.config.ConfigurationFactory configureService
INFOS: Configuring Service(id=Default Stateful Container, type=Container, provider-id=Default Stateful Container)
avr. 27, 2016 11:18:14 PM org.apache.openejb.config.AutoConfig createContainer
INFOS: Auto-creating a container for bean Bibliotheque: Container(type=STATEFUL, id=Default Stateful Container)
avr. 27, 2016 11:18:14 PM org.apache.openejb.assembler.classic.Assembler createRecipe
INFOS: Creating Container(id=Default Stateful Container)
avr. 27, 2016 11:18:14 PM org.apache.openejb.core.stateful.SimplePassivater init
INFOS: Using directory /home/dimitri/Documents/master/S2/CAR/car-tp4/apache-tomee/temp for stateful session passivation
avr. 27, 2016 11:18:14 PM org.apache.openejb.config.AutoConfig deploy
INFOS: Configuring PersistenceUnit(name=book-pu)
avr. 27, 2016 11:18:14 PM org.apache.openejb.config.ConfigurationFactory configureService
INFOS: Configuring Service(id=Default JDBC Database, type=Resource, provider-id=Default JDBC Database)
avr. 27, 2016 11:18:14 PM org.apache.openejb.config.AutoConfig logAutoCreateResource
INFOS: Auto-creating a Resource with id 'Default JDBC Database' of type 'DataSource for 'book-pu'.
avr. 27, 2016 11:18:14 PM org.apache.openejb.assembler.classic.Assembler createRecipe
INFOS: Creating Resource(id=Default JDBC Database)
avr. 27, 2016 11:18:14 PM org.apache.tomee.jdbc.TomEEDataSourceCreator$TomEEDataSource readOnly
INFOS: Disabling testOnBorrow since no validation query is provided
avr. 27, 2016 11:18:14 PM org.apache.openejb.config.ConfigurationFactory configureService
INFOS: Configuring Service(id=Default Unmanaged JDBC Database, type=Resource, provider-id=Default Unmanaged JDBC Database)
avr. 27, 2016 11:18:14 PM org.apache.openejb.config.AutoConfig logAutoCreateResource
INFOS: Auto-creating a Resource with id 'Default Unmanaged JDBC Database' of type 'DataSource for 'book-pu'.
avr. 27, 2016 11:18:14 PM org.apache.openejb.assembler.classic.Assembler createRecipe
INFOS: Creating Resource(id=Default Unmanaged JDBC Database)
avr. 27, 2016 11:18:14 PM org.apache.tomee.jdbc.TomEEDataSourceCreator$TomEEDataSource readOnly
INFOS: Disabling testOnBorrow since no validation query is provided
avr. 27, 2016 11:18:14 PM org.apache.openejb.config.AutoConfig setJtaDataSource
INFOS: Adjusting PersistenceUnit book-pu <jta-data-source> to Resource ID 'Default JDBC Database' from 'bookDatabase'
avr. 27, 2016 11:18:14 PM org.apache.openejb.config.AutoConfig setNonJtaDataSource
INFOS: Adjusting PersistenceUnit book-pu <non-jta-data-source> to Resource ID 'Default Unmanaged JDBC Database' from 'null'
avr. 27, 2016 11:18:14 PM org.apache.openejb.config.AppInfoBuilder build
INFOS: Enterprise application "/home/dimitri/Documents/master/S2/CAR/car-tp4/apache-tomee/webapps/ROOT" loaded.
avr. 27, 2016 11:18:14 PM org.apache.openejb.assembler.classic.Assembler createApplication
INFOS: Assembling app: /home/dimitri/Documents/master/S2/CAR/car-tp4/apache-tomee/webapps/ROOT
avr. 27, 2016 11:18:14 PM null
INFOS: OpenJPA dynamically loaded a validation provider.
avr. 27, 2016 11:18:14 PM org.apache.openejb.assembler.classic.ReloadableEntityManagerFactory createDelegate
INFOS: PersistenceUnit(name=book-pu, provider=org.apache.openjpa.persistence.PersistenceProviderImpl) - provider time 313ms
avr. 27, 2016 11:18:14 PM org.apache.openejb.assembler.classic.JndiBuilder bind
INFOS: Jndi(name=BibliothequeLocalBean) --> Ejb(deployment-id=Bibliotheque)
avr. 27, 2016 11:18:14 PM org.apache.openejb.assembler.classic.JndiBuilder bind
INFOS: Jndi(name=global//Bibliotheque!main.java.car.tp4.Bibliotheque) --> Ejb(deployment-id=Bibliotheque)
avr. 27, 2016 11:18:14 PM org.apache.openejb.assembler.classic.JndiBuilder bind
INFOS: Jndi(name=global//Bibliotheque) --> Ejb(deployment-id=Bibliotheque)
avr. 27, 2016 11:18:14 PM org.apache.openejb.cdi.CdiBuilder initSingleton
INFOS: Existing thread singleton service in SystemInstance(): org.apache.openejb.cdi.ThreadSingletonServiceImpl@73b9ce
avr. 27, 2016 11:18:14 PM org.apache.openejb.cdi.OpenEJBLifecycle startApplication
INFOS: OpenWebBeans Container is starting...
avr. 27, 2016 11:18:14 PM org.apache.webbeans.plugins.PluginLoader startUp
INFOS: Adding OpenWebBeansPlugin : [CdiPlugin]
avr. 27, 2016 11:18:14 PM org.apache.webbeans.plugins.PluginLoader startUp
INFOS: Adding OpenWebBeansPlugin : [OpenWebBeansJsfPlugin]
avr. 27, 2016 11:18:14 PM org.apache.webbeans.config.BeansDeployer validateInjectionPoints
INFOS: All injection points were validated successfully.
avr. 27, 2016 11:18:14 PM org.apache.openejb.cdi.OpenEJBLifecycle startApplication
INFOS: OpenWebBeans Container has started, it took 141 ms.
avr. 27, 2016 11:18:14 PM org.apache.openejb.assembler.classic.Assembler startEjbs
INFOS: Created Ejb(deployment-id=Bibliotheque, ejb-name=Bibliotheque, container=Default Stateful Container)
avr. 27, 2016 11:18:14 PM org.apache.openejb.assembler.classic.Assembler startEjbs
INFOS: Started Ejb(deployment-id=Bibliotheque, ejb-name=Bibliotheque, container=Default Stateful Container)
avr. 27, 2016 11:18:14 PM org.apache.openejb.assembler.classic.Assembler createApplication
INFOS: Deployed Application(path=/home/dimitri/Documents/master/S2/CAR/car-tp4/apache-tomee/webapps/ROOT)
avr. 27, 2016 11:18:15 PM null
INFOS: Starting OpenJPA 2.4.0-nonfinal-1598334
avr. 27, 2016 11:18:15 PM org.hsqldb.persist.Logger logInfoEvent
INFOS: checkpointClose start
avr. 27, 2016 11:18:15 PM org.hsqldb.persist.Logger logInfoEvent
INFOS: checkpointClose end
avr. 27, 2016 11:18:15 PM null
INFOS: Using dictionary class "org.apache.openjpa.jdbc.sql.HSQLDictionary" (HSQL Database Engine 2.3.2 ,HSQL Database Engine Driver 2.3.2).
avr. 27, 2016 11:18:15 PM null
INFOS: Connected to HSQL Database Engine version 2.2 using JDBC driver HSQL Database Engine Driver version 2.3.2. 
avr. 27, 2016 11:18:16 PM org.apache.catalina.startup.HostConfig deployWAR
INFOS: Deployment of web application archive /home/dimitri/Documents/master/S2/CAR/car-tp4/apache-tomee/webapps/ROOT.war has finished in 3 380 ms
avr. 27, 2016 11:18:16 PM org.apache.coyote.AbstractProtocol start
INFOS: Starting ProtocolHandler ["http-bio-8080"]
avr. 27, 2016 11:18:16 PM org.apache.coyote.AbstractProtocol start
INFOS: Starting ProtocolHandler ["ajp-bio-8009"]
avr. 27, 2016 11:18:16 PM org.apache.catalina.startup.Catalina start
INFOS: Server startup in 3507 ms
avr. 27, 2016 11:19:16 PM org.apache.catalina.loader.WebappClassLoader modified
GRAVE:     Resource '/WEB-INF/classes/main/java/car/tp4/Bibliotheque.class' is missing
avr. 27, 2016 11:19:16 PM org.apache.catalina.core.StandardContext reload
INFOS: Le rechargement du contexte [] a démarré
avr. 27, 2016 11:19:16 PM org.apache.openejb.assembler.classic.Assembler destroyApplication
INFOS: Undeploying app: /home/dimitri/Documents/master/S2/CAR/car-tp4/apache-tomee/webapps/ROOT
avr. 27, 2016 11:19:17 PM org.apache.catalina.loader.WebappClassLoader clearReferencesThreads
GRAVE: The web application [] appears to have started a thread named [HSQLDB Timer @b63de1] but has failed to stop it. This is very likely to create a memory leak.
avr. 27, 2016 11:19:17 PM org.apache.openejb.config.ConfigurationFactory configureApplication
INFOS: Configuring enterprise application: /home/dimitri/Documents/master/S2/CAR/car-tp4/apache-tomee/webapps/ROOT
avr. 27, 2016 11:19:17 PM org.apache.openejb.config.InitEjbDeployments deploy
INFOS: Auto-deploying ejb Bibliotheque: EjbDeployment(deployment-id=Bibliotheque)
avr. 27, 2016 11:19:17 PM org.apache.openejb.config.AutoConfig deploy
INFOS: Configuring PersistenceUnit(name=book-pu)
avr. 27, 2016 11:19:17 PM org.apache.openejb.config.AutoConfig setJtaDataSource
INFOS: Adjusting PersistenceUnit book-pu <jta-data-source> to Resource ID 'Default JDBC Database' from 'bookDatabase'
avr. 27, 2016 11:19:17 PM org.apache.openejb.config.AutoConfig setNonJtaDataSource
INFOS: Adjusting PersistenceUnit book-pu <non-jta-data-source> to Resource ID 'Default Unmanaged JDBC Database' from 'null'
avr. 27, 2016 11:19:17 PM org.apache.openejb.config.AppInfoBuilder build
INFOS: Enterprise application "/home/dimitri/Documents/master/S2/CAR/car-tp4/apache-tomee/webapps/ROOT" loaded.
avr. 27, 2016 11:19:17 PM org.apache.openejb.assembler.classic.Assembler createApplication
INFOS: Assembling app: /home/dimitri/Documents/master/S2/CAR/car-tp4/apache-tomee/webapps/ROOT
avr. 27, 2016 11:19:17 PM null
INFOS: OpenJPA dynamically loaded a validation provider.
avr. 27, 2016 11:19:17 PM org.apache.openejb.assembler.classic.ReloadableEntityManagerFactory createDelegate
INFOS: PersistenceUnit(name=book-pu, provider=org.apache.openjpa.persistence.PersistenceProviderImpl) - provider time 20ms
avr. 27, 2016 11:19:17 PM org.apache.openejb.assembler.classic.JndiBuilder bind
INFOS: Jndi(name=BibliothequeLocalBean) --> Ejb(deployment-id=Bibliotheque)
avr. 27, 2016 11:19:17 PM org.apache.openejb.assembler.classic.JndiBuilder bind
INFOS: Jndi(name=global//Bibliotheque!car.tp4.Bibliotheque) --> Ejb(deployment-id=Bibliotheque)
avr. 27, 2016 11:19:17 PM org.apache.openejb.assembler.classic.JndiBuilder bind
INFOS: Jndi(name=global//Bibliotheque) --> Ejb(deployment-id=Bibliotheque)
avr. 27, 2016 11:19:17 PM org.apache.openejb.cdi.CdiBuilder initSingleton
INFOS: Existing thread singleton service in SystemInstance(): org.apache.openejb.cdi.ThreadSingletonServiceImpl@73b9ce
avr. 27, 2016 11:19:17 PM org.apache.openejb.cdi.OpenEJBLifecycle startApplication
INFOS: OpenWebBeans Container is starting...
avr. 27, 2016 11:19:17 PM org.apache.webbeans.plugins.PluginLoader startUp
INFOS: Adding OpenWebBeansPlugin : [CdiPlugin]
avr. 27, 2016 11:19:17 PM org.apache.webbeans.plugins.PluginLoader startUp
INFOS: Adding OpenWebBeansPlugin : [OpenWebBeansJsfPlugin]
avr. 27, 2016 11:19:17 PM org.apache.webbeans.config.BeansDeployer validateInjectionPoints
INFOS: All injection points were validated successfully.
avr. 27, 2016 11:19:17 PM org.apache.openejb.cdi.OpenEJBLifecycle startApplication
INFOS: OpenWebBeans Container has started, it took 11 ms.
avr. 27, 2016 11:19:17 PM org.apache.openejb.assembler.classic.Assembler startEjbs
INFOS: Created Ejb(deployment-id=Bibliotheque, ejb-name=Bibliotheque, container=Default Stateful Container)
avr. 27, 2016 11:19:17 PM org.apache.openejb.assembler.classic.Assembler startEjbs
INFOS: Started Ejb(deployment-id=Bibliotheque, ejb-name=Bibliotheque, container=Default Stateful Container)
avr. 27, 2016 11:19:17 PM org.apache.openejb.assembler.classic.Assembler createApplication
INFOS: Deployed Application(path=/home/dimitri/Documents/master/S2/CAR/car-tp4/apache-tomee/webapps/ROOT)
avr. 27, 2016 11:19:17 PM null
INFOS: Starting OpenJPA 2.4.0-nonfinal-1598334
avr. 27, 2016 11:19:17 PM null
INFOS: Using dictionary class "org.apache.openjpa.jdbc.sql.HSQLDictionary" (HSQL Database Engine 2.3.2 ,HSQL Database Engine Driver 2.3.2).
avr. 27, 2016 11:19:17 PM null
INFOS: Connected to HSQL Database Engine version 2.2 using JDBC driver HSQL Database Engine Driver version 2.3.2. 
avr. 27, 2016 11:19:17 PM org.apache.catalina.core.StandardContext reload
INFOS: Le rechargement de ce contexte est terminé
avr. 27, 2016 11:19:28 PM org.apache.coyote.AbstractProtocol pause
INFOS: Pausing ProtocolHandler ["http-bio-8080"]
avr. 27, 2016 11:19:28 PM org.apache.coyote.AbstractProtocol pause
INFOS: Pausing ProtocolHandler ["ajp-bio-8009"]
avr. 27, 2016 11:19:28 PM org.apache.catalina.core.StandardService stopInternal
INFOS: Arrêt du service Catalina
avr. 27, 2016 11:19:28 PM org.apache.openejb.assembler.classic.Assembler destroyApplication
INFOS: Undeploying app: /home/dimitri/Documents/master/S2/CAR/car-tp4/apache-tomee/webapps/ROOT
avr. 27, 2016 11:19:28 PM org.apache.coyote.AbstractProtocol stop
INFOS: Stopping ProtocolHandler ["http-bio-8080"]
avr. 27, 2016 11:19:28 PM org.apache.coyote.AbstractProtocol stop
INFOS: Stopping ProtocolHandler ["ajp-bio-8009"]
avr. 27, 2016 11:19:28 PM org.apache.openejb.server.SimpleServiceManager stop
INFOS: Stopping server services
avr. 27, 2016 11:19:28 PM org.apache.openejb.assembler.classic.Assembler destroyApplication
INFOS: Undeploying app: openejb
avr. 27, 2016 11:19:28 PM org.apache.openejb.assembler.classic.Assembler destroyResource
INFOS: Closing DataSource: Default JDBC Database
avr. 27, 2016 11:19:29 PM org.apache.openejb.assembler.classic.Assembler destroyResource
INFOS: Closing DataSource: Default Unmanaged JDBC Database
avr. 27, 2016 11:19:29 PM org.apache.coyote.AbstractProtocol destroy
INFOS: Destroying ProtocolHandler ["http-bio-8080"]
avr. 27, 2016 11:19:29 PM org.apache.coyote.AbstractProtocol destroy
INFOS: Destroying ProtocolHandler ["ajp-bio-8009"]
