/*C7*/SET SCHEMA PUBLIC
INSERT INTO OPENJPA_SEQUENCE_TABLE VALUES(0,1)
COMMIT
DELETE FROM OPENJPA_SEQUENCE_TABLE WHERE ID=0
INSERT INTO OPENJPA_SEQUENCE_TABLE VALUES(0,51)
COMMIT
/*C5*/SET SCHEMA PUBLIC
INSERT INTO BOOK VALUES(1,'1862','Victor Hugo','Les miserables')
INSERT INTO BOOK VALUES(2,'1867','Charles Baudelaire','Les fleurs du mal')
INSERT INTO BOOK VALUES(3,'2016','Lionel Seinturier','Apprendre \u00e0 faire un cours')
COMMIT
INSERT INTO BOOK VALUES(4,'1862','Victor Hugo','Les miserables')
INSERT INTO BOOK VALUES(5,'1867','Charles Baudelaire','Les fleurs du mal')
INSERT INTO BOOK VALUES(6,'2016','Lionel Seinturier','Apprendre \u00e0 faire un cours')
COMMIT
INSERT INTO BOOK VALUES(7,'1862','Victor Hugo','Les miserables')
INSERT INTO BOOK VALUES(8,'1867','Charles Baudelaire','Les fleurs du mal')
INSERT INTO BOOK VALUES(9,'2016','Lionel Seinturier','Apprendre \u00e0 faire un cours')
COMMIT
DELETE FROM BOOK WHERE ID=1
DELETE FROM BOOK WHERE ID=2
DELETE FROM BOOK WHERE ID=3
DELETE FROM BOOK WHERE ID=4
DELETE FROM BOOK WHERE ID=5
DELETE FROM BOOK WHERE ID=6
DELETE FROM BOOK WHERE ID=7
DELETE FROM BOOK WHERE ID=8
DELETE FROM BOOK WHERE ID=9
COMMIT
/*C7*/DELETE FROM OPENJPA_SEQUENCE_TABLE WHERE ID=0
INSERT INTO OPENJPA_SEQUENCE_TABLE VALUES(0,101)
COMMIT
/*C5*/INSERT INTO BOOK VALUES(51,'1862','Victor Hugo','Les miserables')
INSERT INTO BOOK VALUES(52,'1867','Charles Baudelaire','Les fleurs du mal')
INSERT INTO BOOK VALUES(53,'2016','Lionel Seinturier','Apprendre \u00e0 faire un cours')
COMMIT
INSERT INTO BOOK VALUES(54,'1862','Victor Hugo','Les miserables')
INSERT INTO BOOK VALUES(55,'1867','Charles Baudelaire','Les fleurs du mal')
INSERT INTO BOOK VALUES(56,'2016','Lionel Seinturier','Apprendre \u00e0 faire un cours')
COMMIT
DELETE FROM BOOK WHERE ID=51
DELETE FROM BOOK WHERE ID=52
DELETE FROM BOOK WHERE ID=53
DELETE FROM BOOK WHERE ID=54
DELETE FROM BOOK WHERE ID=55
DELETE FROM BOOK WHERE ID=56
COMMIT
/*C7*/DELETE FROM OPENJPA_SEQUENCE_TABLE WHERE ID=0
INSERT INTO OPENJPA_SEQUENCE_TABLE VALUES(0,151)
COMMIT
/*C5*/INSERT INTO BOOK VALUES(101,'1862','Victor Hugo','Les miserables')
INSERT INTO BOOK VALUES(102,'1867','Charles Baudelaire','Les fleurs du mal')
INSERT INTO BOOK VALUES(103,'2016','Lionel Seinturier','Apprendre \u00e0 faire un cours')
COMMIT
DISCONNECT
/*C6*/SET SCHEMA PUBLIC
DISCONNECT
/*C7*/DISCONNECT
