avr. 26, 2016 10:57:50 AM org.apache.catalina.core.AprLifecycleListener init
INFOS: The APR based Apache Tomcat Native library which allows optimal performance in production environments was not found on the java.library.path: /usr/java/packages/lib/i386:/lib:/usr/lib
avr. 26, 2016 10:57:51 AM org.apache.coyote.AbstractProtocol init
INFOS: Initializing ProtocolHandler ["http-bio-8080"]
avr. 26, 2016 10:57:51 AM org.apache.coyote.AbstractProtocol init
INFOS: Initializing ProtocolHandler ["ajp-bio-8009"]
avr. 26, 2016 10:57:54 AM org.apache.openejb.util.OptionsLog info
INFOS: Using 'openejb.jdbc.datasource-creator=org.apache.tomee.jdbc.TomEEDataSourceCreator'
avr. 26, 2016 10:57:54 AM org.apache.openejb.OpenEJB$Instance <init>
INFOS: ********************************************************************************
avr. 26, 2016 10:57:54 AM org.apache.openejb.OpenEJB$Instance <init>
INFOS: OpenEJB http://openejb.apache.org/
avr. 26, 2016 10:57:54 AM org.apache.openejb.OpenEJB$Instance <init>
INFOS: Startup: Tue Apr 26 10:57:54 CEST 2016
avr. 26, 2016 10:57:54 AM org.apache.openejb.OpenEJB$Instance <init>
INFOS: Copyright 1999-2013 (C) Apache OpenEJB Project, All Rights Reserved.
avr. 26, 2016 10:57:54 AM org.apache.openejb.OpenEJB$Instance <init>
INFOS: Version: 4.7.1
avr. 26, 2016 10:57:54 AM org.apache.openejb.OpenEJB$Instance <init>
INFOS: Build date: 20140912
avr. 26, 2016 10:57:54 AM org.apache.openejb.OpenEJB$Instance <init>
INFOS: Build time: 01:43
avr. 26, 2016 10:57:54 AM org.apache.openejb.OpenEJB$Instance <init>
INFOS: ********************************************************************************
avr. 26, 2016 10:57:54 AM org.apache.openejb.OpenEJB$Instance <init>
INFOS: openejb.home = /home/dimitri/Documents/master/S2/CAR/TP4JEE/apache-tomee
avr. 26, 2016 10:57:55 AM org.apache.openejb.OpenEJB$Instance <init>
INFOS: openejb.base = /home/dimitri/Documents/master/S2/CAR/TP4JEE/apache-tomee
avr. 26, 2016 10:57:55 AM org.apache.openejb.cdi.CdiBuilder initializeOWB
INFOS: Created new singletonService org.apache.openejb.cdi.ThreadSingletonServiceImpl@73b9ce
avr. 26, 2016 10:57:55 AM org.apache.openejb.cdi.CdiBuilder initializeOWB
INFOS: Succeeded in installing singleton service
avr. 26, 2016 10:57:55 AM org.apache.openejb.config.ConfigurationFactory init
INFOS: openejb configuration file is '/home/dimitri/Documents/master/S2/CAR/TP4JEE/apache-tomee/conf/tomee.xml'
avr. 26, 2016 10:57:55 AM org.apache.openejb.config.ConfigurationFactory configureService
INFOS: Configuring Service(id=Tomcat Security Service, type=SecurityService, provider-id=Tomcat Security Service)
avr. 26, 2016 10:57:55 AM org.apache.openejb.config.ConfigurationFactory configureService
INFOS: Configuring Service(id=Default Transaction Manager, type=TransactionManager, provider-id=Default Transaction Manager)
avr. 26, 2016 10:57:55 AM org.apache.openejb.util.OptionsLog info
INFOS: Using 'openejb.system.apps=true'
avr. 26, 2016 10:57:55 AM org.apache.openejb.config.ConfigurationFactory configureApplication
INFOS: Configuring enterprise application: openejb
avr. 26, 2016 10:57:55 AM org.apache.openejb.config.InitEjbDeployments deploy
INFOS: Using openejb.deploymentId.format '{ejbName}'
avr. 26, 2016 10:57:55 AM org.apache.openejb.config.InitEjbDeployments deploy
INFOS: Auto-deploying ejb openejb/Deployer: EjbDeployment(deployment-id=openejb/Deployer)
avr. 26, 2016 10:57:55 AM org.apache.openejb.config.InitEjbDeployments deploy
INFOS: Auto-deploying ejb openejb/ConfigurationInfo: EjbDeployment(deployment-id=openejb/ConfigurationInfo)
avr. 26, 2016 10:57:55 AM org.apache.openejb.config.InitEjbDeployments deploy
INFOS: Auto-deploying ejb MEJB: EjbDeployment(deployment-id=MEJB)
avr. 26, 2016 10:57:55 AM org.apache.openejb.config.ConfigurationFactory configureService
INFOS: Configuring Service(id=Default Stateless Container, type=Container, provider-id=Default Stateless Container)
avr. 26, 2016 10:57:55 AM org.apache.openejb.config.AutoConfig createContainer
INFOS: Auto-creating a container for bean openejb/Deployer: Container(type=STATELESS, id=Default Stateless Container)
avr. 26, 2016 10:57:55 AM org.apache.openejb.config.AppInfoBuilder build
INFOS: Enterprise application "openejb" loaded.
avr. 26, 2016 10:57:55 AM org.apache.openejb.assembler.classic.Assembler createRecipe
INFOS: Creating TransactionManager(id=Default Transaction Manager)
avr. 26, 2016 10:57:55 AM org.apache.openejb.assembler.classic.Assembler createRecipe
INFOS: Creating SecurityService(id=Tomcat Security Service)
avr. 26, 2016 10:57:55 AM org.apache.openejb.assembler.classic.Assembler createRecipe
INFOS: Creating Container(id=Default Stateless Container)
avr. 26, 2016 10:57:55 AM org.apache.openejb.assembler.classic.Assembler createApplication
INFOS: Assembling app: openejb
avr. 26, 2016 10:57:56 AM org.apache.openejb.util.OptionsLog info
INFOS: Using 'openejb.jndiname.format={deploymentId}{interfaceType.openejbLegacyName}'
avr. 26, 2016 10:57:56 AM org.apache.openejb.assembler.classic.JndiBuilder bind
INFOS: Jndi(name=openejb/DeployerBusinessRemote) --> Ejb(deployment-id=openejb/Deployer)
avr. 26, 2016 10:57:56 AM org.apache.openejb.assembler.classic.JndiBuilder bind
INFOS: Jndi(name=global/openejb/openejb/Deployer!org.apache.openejb.assembler.Deployer) --> Ejb(deployment-id=openejb/Deployer)
avr. 26, 2016 10:57:56 AM org.apache.openejb.assembler.classic.JndiBuilder bind
INFOS: Jndi(name=global/openejb/openejb/Deployer) --> Ejb(deployment-id=openejb/Deployer)
avr. 26, 2016 10:57:56 AM org.apache.openejb.assembler.classic.JndiBuilder bind
INFOS: Jndi(name=openejb/ConfigurationInfoBusinessRemote) --> Ejb(deployment-id=openejb/ConfigurationInfo)
avr. 26, 2016 10:57:56 AM org.apache.openejb.assembler.classic.JndiBuilder bind
INFOS: Jndi(name=global/openejb/openejb/ConfigurationInfo!org.apache.openejb.assembler.classic.cmd.ConfigurationInfo) --> Ejb(deployment-id=openejb/ConfigurationInfo)
avr. 26, 2016 10:57:56 AM org.apache.openejb.assembler.classic.JndiBuilder bind
INFOS: Jndi(name=global/openejb/openejb/ConfigurationInfo) --> Ejb(deployment-id=openejb/ConfigurationInfo)
avr. 26, 2016 10:57:56 AM org.apache.openejb.assembler.classic.JndiBuilder bind
INFOS: Jndi(name=MEJB) --> Ejb(deployment-id=MEJB)
avr. 26, 2016 10:57:56 AM org.apache.openejb.assembler.classic.JndiBuilder bind
INFOS: Jndi(name=global/openejb/MEJB!javax.management.j2ee.ManagementHome) --> Ejb(deployment-id=MEJB)
avr. 26, 2016 10:57:56 AM org.apache.openejb.assembler.classic.JndiBuilder bind
INFOS: Jndi(name=global/openejb/MEJB) --> Ejb(deployment-id=MEJB)
avr. 26, 2016 10:57:56 AM org.apache.openejb.assembler.classic.Assembler startEjbs
INFOS: Created Ejb(deployment-id=MEJB, ejb-name=MEJB, container=Default Stateless Container)
avr. 26, 2016 10:57:56 AM org.apache.openejb.assembler.classic.Assembler startEjbs
INFOS: Created Ejb(deployment-id=openejb/ConfigurationInfo, ejb-name=openejb/ConfigurationInfo, container=Default Stateless Container)
avr. 26, 2016 10:57:56 AM org.apache.openejb.assembler.classic.Assembler startEjbs
INFOS: Created Ejb(deployment-id=openejb/Deployer, ejb-name=openejb/Deployer, container=Default Stateless Container)
avr. 26, 2016 10:57:56 AM org.apache.openejb.assembler.classic.Assembler startEjbs
INFOS: Started Ejb(deployment-id=MEJB, ejb-name=MEJB, container=Default Stateless Container)
avr. 26, 2016 10:57:56 AM org.apache.openejb.assembler.classic.Assembler startEjbs
INFOS: Started Ejb(deployment-id=openejb/ConfigurationInfo, ejb-name=openejb/ConfigurationInfo, container=Default Stateless Container)
avr. 26, 2016 10:57:56 AM org.apache.openejb.assembler.classic.Assembler startEjbs
INFOS: Started Ejb(deployment-id=openejb/Deployer, ejb-name=openejb/Deployer, container=Default Stateless Container)
avr. 26, 2016 10:57:56 AM org.apache.openejb.assembler.classic.Assembler deployMBean
INFOS: Deployed MBean(openejb.user.mbeans:application=openejb,group=org.apache.openejb.assembler.monitoring,name=JMXDeployer)
avr. 26, 2016 10:57:56 AM org.apache.openejb.assembler.classic.Assembler createApplication
INFOS: Deployed Application(path=openejb)
avr. 26, 2016 10:57:56 AM org.apache.openejb.server.SimpleServiceManager start
INFOS:   ** Bound Services **
avr. 26, 2016 10:57:56 AM org.apache.openejb.server.SimpleServiceManager printRow
INFOS:   NAME                 IP              PORT  
avr. 26, 2016 10:57:56 AM org.apache.openejb.server.SimpleServiceManager start
INFOS: -------
avr. 26, 2016 10:57:56 AM org.apache.openejb.server.SimpleServiceManager start
INFOS: Ready!
avr. 26, 2016 10:57:56 AM org.apache.catalina.startup.Catalina load
INFOS: Initialization processed in 6222 ms
avr. 26, 2016 10:57:56 AM org.apache.tomee.catalina.OpenEJBNamingContextListener bindResource
INFOS: Importing a Tomcat Resource with id 'UserDatabase' of type 'org.apache.catalina.UserDatabase'.
avr. 26, 2016 10:57:56 AM org.apache.openejb.assembler.classic.Assembler createRecipe
INFOS: Creating Resource(id=UserDatabase)
avr. 26, 2016 10:57:56 AM org.apache.catalina.core.StandardService startInternal
INFOS: Démarrage du service Catalina
avr. 26, 2016 10:57:56 AM org.apache.catalina.core.StandardEngine startInternal
INFOS: Starting Servlet Engine: Apache Tomcat (TomEE)/7.0.55 (1.7.1)
avr. 26, 2016 10:57:56 AM org.apache.catalina.startup.HostConfig deployWAR
INFOS: Déploiement de l'archive /home/dimitri/Documents/master/S2/CAR/TP4JEE/apache-tomee/webapps/ROOT.war de l'application web
avr. 26, 2016 10:57:56 AM org.apache.tomee.catalina.TomcatWebAppBuilder init
INFOS: ------------------------- localhost -> /
avr. 26, 2016 10:57:56 AM org.apache.openejb.config.ConfigurationFactory configureApplication
INFOS: Configuring enterprise application: /home/dimitri/Documents/master/S2/CAR/TP4JEE/apache-tomee/webapps/ROOT
avr. 26, 2016 10:57:57 AM org.apache.openejb.config.AutoConfig deploy
INFOS: Configuring PersistenceUnit(name=book-pu)
avr. 26, 2016 10:57:57 AM org.apache.openejb.config.ConfigurationFactory configureService
INFOS: Configuring Service(id=Default JDBC Database, type=Resource, provider-id=Default JDBC Database)
avr. 26, 2016 10:57:57 AM org.apache.openejb.config.AutoConfig logAutoCreateResource
INFOS: Auto-creating a Resource with id 'Default JDBC Database' of type 'DataSource for 'book-pu'.
avr. 26, 2016 10:57:57 AM org.apache.openejb.assembler.classic.Assembler createRecipe
INFOS: Creating Resource(id=Default JDBC Database)
avr. 26, 2016 10:57:57 AM org.apache.tomee.jdbc.TomEEDataSourceCreator$TomEEDataSource readOnly
INFOS: Disabling testOnBorrow since no validation query is provided
avr. 26, 2016 10:57:57 AM org.apache.openejb.config.ConfigurationFactory configureService
INFOS: Configuring Service(id=Default Unmanaged JDBC Database, type=Resource, provider-id=Default Unmanaged JDBC Database)
avr. 26, 2016 10:57:57 AM org.apache.openejb.config.AutoConfig logAutoCreateResource
INFOS: Auto-creating a Resource with id 'Default Unmanaged JDBC Database' of type 'DataSource for 'book-pu'.
avr. 26, 2016 10:57:57 AM org.apache.openejb.assembler.classic.Assembler createRecipe
INFOS: Creating Resource(id=Default Unmanaged JDBC Database)
avr. 26, 2016 10:57:57 AM org.apache.tomee.jdbc.TomEEDataSourceCreator$TomEEDataSource readOnly
INFOS: Disabling testOnBorrow since no validation query is provided
avr. 26, 2016 10:57:57 AM org.apache.openejb.config.AutoConfig setJtaDataSource
INFOS: Adjusting PersistenceUnit book-pu <jta-data-source> to Resource ID 'Default JDBC Database' from 'bookDatabase'
avr. 26, 2016 10:57:57 AM org.apache.openejb.config.AutoConfig setNonJtaDataSource
INFOS: Adjusting PersistenceUnit book-pu <non-jta-data-source> to Resource ID 'Default Unmanaged JDBC Database' from 'null'
avr. 26, 2016 10:57:57 AM org.apache.openejb.config.AppInfoBuilder build
INFOS: Enterprise application "/home/dimitri/Documents/master/S2/CAR/TP4JEE/apache-tomee/webapps/ROOT" loaded.
avr. 26, 2016 10:57:57 AM org.apache.openejb.assembler.classic.Assembler createApplication
INFOS: Assembling app: /home/dimitri/Documents/master/S2/CAR/TP4JEE/apache-tomee/webapps/ROOT
avr. 26, 2016 10:57:58 AM null
INFOS: OpenJPA dynamically loaded a validation provider.
avr. 26, 2016 10:57:58 AM org.apache.openejb.assembler.classic.ReloadableEntityManagerFactory createDelegate
INFOS: PersistenceUnit(name=book-pu, provider=org.apache.openjpa.persistence.PersistenceProviderImpl) - provider time 703ms
avr. 26, 2016 10:57:58 AM org.apache.openejb.cdi.CdiBuilder initSingleton
INFOS: Existing thread singleton service in SystemInstance(): org.apache.openejb.cdi.ThreadSingletonServiceImpl@73b9ce
avr. 26, 2016 10:57:58 AM org.apache.openejb.cdi.OpenEJBLifecycle startApplication
INFOS: OpenWebBeans Container is starting...
avr. 26, 2016 10:57:58 AM org.apache.webbeans.plugins.PluginLoader startUp
INFOS: Adding OpenWebBeansPlugin : [CdiPlugin]
avr. 26, 2016 10:57:58 AM org.apache.webbeans.plugins.PluginLoader startUp
INFOS: Adding OpenWebBeansPlugin : [OpenWebBeansJsfPlugin]
avr. 26, 2016 10:57:58 AM org.apache.webbeans.config.BeansDeployer validateInjectionPoints
INFOS: All injection points were validated successfully.
avr. 26, 2016 10:57:58 AM org.apache.openejb.cdi.OpenEJBLifecycle startApplication
INFOS: OpenWebBeans Container has started, it took 169 ms.
avr. 26, 2016 10:57:58 AM org.apache.openejb.assembler.classic.Assembler createApplication
INFOS: Deployed Application(path=/home/dimitri/Documents/master/S2/CAR/TP4JEE/apache-tomee/webapps/ROOT)
avr. 26, 2016 10:57:59 AM org.apache.catalina.startup.HostConfig deployWAR
INFOS: Deployment of web application archive /home/dimitri/Documents/master/S2/CAR/TP4JEE/apache-tomee/webapps/ROOT.war has finished in 2 674 ms
avr. 26, 2016 10:57:59 AM org.apache.catalina.startup.HostConfig deployDirectory
INFOS: Déploiement du répertoire /home/dimitri/Documents/master/S2/CAR/TP4JEE/apache-tomee/webapps/formulaire.html.unpacked de l'application web
avr. 26, 2016 10:57:59 AM org.apache.tomee.catalina.TomcatWebAppBuilder init
INFOS: ------------------------- localhost -> /formulaire.html.unpacked
avr. 26, 2016 10:57:59 AM org.apache.openejb.util.OptionsLog info
INFOS: Using 'openejb.default.deployment-module=org.apache.openejb.config.WebModule'
avr. 26, 2016 10:57:59 AM org.apache.openejb.config.ConfigurationFactory configureApplication
INFOS: Configuring enterprise application: /home/dimitri/Documents/master/S2/CAR/TP4JEE/apache-tomee/webapps/formulaire.html.unpacked
avr. 26, 2016 10:57:59 AM org.apache.openejb.config.AppInfoBuilder build
INFOS: Enterprise application "/home/dimitri/Documents/master/S2/CAR/TP4JEE/apache-tomee/webapps/formulaire.html.unpacked" loaded.
avr. 26, 2016 10:57:59 AM org.apache.openejb.assembler.classic.Assembler createApplication
INFOS: Assembling app: /home/dimitri/Documents/master/S2/CAR/TP4JEE/apache-tomee/webapps/formulaire.html.unpacked
avr. 26, 2016 10:57:59 AM org.apache.openejb.cdi.CdiBuilder initSingleton
INFOS: Existing thread singleton service in SystemInstance(): org.apache.openejb.cdi.ThreadSingletonServiceImpl@73b9ce
avr. 26, 2016 10:57:59 AM org.apache.openejb.cdi.OpenEJBLifecycle startApplication
INFOS: OpenWebBeans Container is starting...
avr. 26, 2016 10:57:59 AM org.apache.webbeans.plugins.PluginLoader startUp
INFOS: Adding OpenWebBeansPlugin : [CdiPlugin]
avr. 26, 2016 10:57:59 AM org.apache.webbeans.plugins.PluginLoader startUp
INFOS: Adding OpenWebBeansPlugin : [OpenWebBeansJsfPlugin]
avr. 26, 2016 10:57:59 AM org.apache.webbeans.config.BeansDeployer validateInjectionPoints
INFOS: All injection points were validated successfully.
avr. 26, 2016 10:57:59 AM org.apache.openejb.cdi.OpenEJBLifecycle startApplication
INFOS: OpenWebBeans Container has started, it took 20 ms.
avr. 26, 2016 10:57:59 AM org.apache.openejb.assembler.classic.Assembler createApplication
INFOS: Deployed Application(path=/home/dimitri/Documents/master/S2/CAR/TP4JEE/apache-tomee/webapps/formulaire.html.unpacked)
avr. 26, 2016 10:57:59 AM org.apache.catalina.startup.HostConfig deployDirectory
INFOS: Deployment of web application directory /home/dimitri/Documents/master/S2/CAR/TP4JEE/apache-tomee/webapps/formulaire.html.unpacked has finished in 200 ms
avr. 26, 2016 10:57:59 AM org.apache.coyote.AbstractProtocol start
INFOS: Starting ProtocolHandler ["http-bio-8080"]
avr. 26, 2016 10:57:59 AM org.apache.coyote.AbstractProtocol start
INFOS: Starting ProtocolHandler ["ajp-bio-8009"]
avr. 26, 2016 10:57:59 AM org.apache.catalina.startup.Catalina start
INFOS: Server startup in 3063 ms
avr. 26, 2016 11:05:07 AM org.apache.coyote.AbstractProtocol pause
INFOS: Pausing ProtocolHandler ["http-bio-8080"]
avr. 26, 2016 11:05:07 AM org.apache.coyote.AbstractProtocol pause
INFOS: Pausing ProtocolHandler ["ajp-bio-8009"]
avr. 26, 2016 11:05:07 AM org.apache.catalina.core.StandardService stopInternal
INFOS: Arrêt du service Catalina
avr. 26, 2016 11:05:07 AM org.apache.openejb.assembler.classic.Assembler destroyApplication
INFOS: Undeploying app: /home/dimitri/Documents/master/S2/CAR/TP4JEE/apache-tomee/webapps/ROOT
avr. 26, 2016 11:05:07 AM org.apache.openejb.assembler.classic.Assembler destroyApplication
INFOS: Undeploying app: /home/dimitri/Documents/master/S2/CAR/TP4JEE/apache-tomee/webapps/formulaire.html.unpacked
avr. 26, 2016 11:05:07 AM org.apache.coyote.AbstractProtocol stop
INFOS: Stopping ProtocolHandler ["http-bio-8080"]
avr. 26, 2016 11:05:07 AM org.apache.coyote.AbstractProtocol stop
INFOS: Stopping ProtocolHandler ["ajp-bio-8009"]
avr. 26, 2016 11:05:07 AM org.apache.openejb.server.SimpleServiceManager stop
INFOS: Stopping server services
avr. 26, 2016 11:05:07 AM org.apache.openejb.assembler.classic.Assembler destroyApplication
INFOS: Undeploying app: openejb
avr. 26, 2016 11:05:07 AM org.apache.openejb.assembler.classic.Assembler destroyResource
INFOS: Closing DataSource: Default JDBC Database
avr. 26, 2016 11:05:07 AM org.apache.openejb.assembler.classic.Assembler destroyResource
INFOS: Closing DataSource: Default Unmanaged JDBC Database
avr. 26, 2016 11:05:07 AM org.apache.coyote.AbstractProtocol destroy
INFOS: Destroying ProtocolHandler ["http-bio-8080"]
avr. 26, 2016 11:05:07 AM org.apache.coyote.AbstractProtocol destroy
INFOS: Destroying ProtocolHandler ["ajp-bio-8009"]
avr. 26, 2016 11:10:49 AM org.apache.catalina.core.AprLifecycleListener init
INFOS: The APR based Apache Tomcat Native library which allows optimal performance in production environments was not found on the java.library.path: /usr/java/packages/lib/i386:/lib:/usr/lib
avr. 26, 2016 11:10:49 AM org.apache.coyote.AbstractProtocol init
INFOS: Initializing ProtocolHandler ["http-bio-8080"]
avr. 26, 2016 11:10:49 AM org.apache.coyote.AbstractProtocol init
INFOS: Initializing ProtocolHandler ["ajp-bio-8009"]
avr. 26, 2016 11:10:50 AM org.apache.openejb.util.OptionsLog info
INFOS: Using 'openejb.jdbc.datasource-creator=org.apache.tomee.jdbc.TomEEDataSourceCreator'
avr. 26, 2016 11:10:50 AM org.apache.openejb.OpenEJB$Instance <init>
INFOS: ********************************************************************************
avr. 26, 2016 11:10:50 AM org.apache.openejb.OpenEJB$Instance <init>
INFOS: OpenEJB http://openejb.apache.org/
avr. 26, 2016 11:10:50 AM org.apache.openejb.OpenEJB$Instance <init>
INFOS: Startup: Tue Apr 26 11:10:50 CEST 2016
avr. 26, 2016 11:10:50 AM org.apache.openejb.OpenEJB$Instance <init>
INFOS: Copyright 1999-2013 (C) Apache OpenEJB Project, All Rights Reserved.
avr. 26, 2016 11:10:50 AM org.apache.openejb.OpenEJB$Instance <init>
INFOS: Version: 4.7.1
avr. 26, 2016 11:10:50 AM org.apache.openejb.OpenEJB$Instance <init>
INFOS: Build date: 20140912
avr. 26, 2016 11:10:50 AM org.apache.openejb.OpenEJB$Instance <init>
INFOS: Build time: 01:43
avr. 26, 2016 11:10:50 AM org.apache.openejb.OpenEJB$Instance <init>
INFOS: ********************************************************************************
avr. 26, 2016 11:10:50 AM org.apache.openejb.OpenEJB$Instance <init>
INFOS: openejb.home = /home/dimitri/Documents/master/S2/CAR/TP4JEE/apache-tomee
avr. 26, 2016 11:10:50 AM org.apache.openejb.OpenEJB$Instance <init>
INFOS: openejb.base = /home/dimitri/Documents/master/S2/CAR/TP4JEE/apache-tomee
avr. 26, 2016 11:10:50 AM org.apache.openejb.cdi.CdiBuilder initializeOWB
INFOS: Created new singletonService org.apache.openejb.cdi.ThreadSingletonServiceImpl@73b9ce
avr. 26, 2016 11:10:50 AM org.apache.openejb.cdi.CdiBuilder initializeOWB
INFOS: Succeeded in installing singleton service
avr. 26, 2016 11:10:50 AM org.apache.openejb.config.ConfigurationFactory init
INFOS: openejb configuration file is '/home/dimitri/Documents/master/S2/CAR/TP4JEE/apache-tomee/conf/tomee.xml'
avr. 26, 2016 11:10:50 AM org.apache.openejb.config.ConfigurationFactory configureService
INFOS: Configuring Service(id=Tomcat Security Service, type=SecurityService, provider-id=Tomcat Security Service)
avr. 26, 2016 11:10:50 AM org.apache.openejb.config.ConfigurationFactory configureService
INFOS: Configuring Service(id=Default Transaction Manager, type=TransactionManager, provider-id=Default Transaction Manager)
avr. 26, 2016 11:10:50 AM org.apache.openejb.util.OptionsLog info
INFOS: Using 'openejb.system.apps=true'
avr. 26, 2016 11:10:50 AM org.apache.openejb.config.ConfigurationFactory configureApplication
INFOS: Configuring enterprise application: openejb
avr. 26, 2016 11:10:51 AM org.apache.openejb.config.InitEjbDeployments deploy
INFOS: Using openejb.deploymentId.format '{ejbName}'
avr. 26, 2016 11:10:51 AM org.apache.openejb.config.InitEjbDeployments deploy
INFOS: Auto-deploying ejb openejb/Deployer: EjbDeployment(deployment-id=openejb/Deployer)
avr. 26, 2016 11:10:51 AM org.apache.openejb.config.InitEjbDeployments deploy
INFOS: Auto-deploying ejb openejb/ConfigurationInfo: EjbDeployment(deployment-id=openejb/ConfigurationInfo)
avr. 26, 2016 11:10:51 AM org.apache.openejb.config.InitEjbDeployments deploy
INFOS: Auto-deploying ejb MEJB: EjbDeployment(deployment-id=MEJB)
avr. 26, 2016 11:10:51 AM org.apache.openejb.config.ConfigurationFactory configureService
INFOS: Configuring Service(id=Default Stateless Container, type=Container, provider-id=Default Stateless Container)
avr. 26, 2016 11:10:51 AM org.apache.openejb.config.AutoConfig createContainer
INFOS: Auto-creating a container for bean openejb/Deployer: Container(type=STATELESS, id=Default Stateless Container)
avr. 26, 2016 11:10:51 AM org.apache.openejb.config.AppInfoBuilder build
INFOS: Enterprise application "openejb" loaded.
avr. 26, 2016 11:10:51 AM org.apache.openejb.assembler.classic.Assembler createRecipe
INFOS: Creating TransactionManager(id=Default Transaction Manager)
avr. 26, 2016 11:10:51 AM org.apache.openejb.assembler.classic.Assembler createRecipe
INFOS: Creating SecurityService(id=Tomcat Security Service)
avr. 26, 2016 11:10:51 AM org.apache.openejb.assembler.classic.Assembler createRecipe
INFOS: Creating Container(id=Default Stateless Container)
avr. 26, 2016 11:10:51 AM org.apache.openejb.assembler.classic.Assembler createApplication
INFOS: Assembling app: openejb
avr. 26, 2016 11:10:51 AM org.apache.openejb.util.OptionsLog info
INFOS: Using 'openejb.jndiname.format={deploymentId}{interfaceType.openejbLegacyName}'
avr. 26, 2016 11:10:51 AM org.apache.openejb.assembler.classic.JndiBuilder bind
INFOS: Jndi(name=openejb/DeployerBusinessRemote) --> Ejb(deployment-id=openejb/Deployer)
avr. 26, 2016 11:10:51 AM org.apache.openejb.assembler.classic.JndiBuilder bind
INFOS: Jndi(name=global/openejb/openejb/Deployer!org.apache.openejb.assembler.Deployer) --> Ejb(deployment-id=openejb/Deployer)
avr. 26, 2016 11:10:51 AM org.apache.openejb.assembler.classic.JndiBuilder bind
INFOS: Jndi(name=global/openejb/openejb/Deployer) --> Ejb(deployment-id=openejb/Deployer)
avr. 26, 2016 11:10:51 AM org.apache.openejb.assembler.classic.JndiBuilder bind
INFOS: Jndi(name=openejb/ConfigurationInfoBusinessRemote) --> Ejb(deployment-id=openejb/ConfigurationInfo)
avr. 26, 2016 11:10:51 AM org.apache.openejb.assembler.classic.JndiBuilder bind
INFOS: Jndi(name=global/openejb/openejb/ConfigurationInfo!org.apache.openejb.assembler.classic.cmd.ConfigurationInfo) --> Ejb(deployment-id=openejb/ConfigurationInfo)
avr. 26, 2016 11:10:51 AM org.apache.openejb.assembler.classic.JndiBuilder bind
INFOS: Jndi(name=global/openejb/openejb/ConfigurationInfo) --> Ejb(deployment-id=openejb/ConfigurationInfo)
avr. 26, 2016 11:10:51 AM org.apache.openejb.assembler.classic.JndiBuilder bind
INFOS: Jndi(name=MEJB) --> Ejb(deployment-id=MEJB)
avr. 26, 2016 11:10:51 AM org.apache.openejb.assembler.classic.JndiBuilder bind
INFOS: Jndi(name=global/openejb/MEJB!javax.management.j2ee.ManagementHome) --> Ejb(deployment-id=MEJB)
avr. 26, 2016 11:10:51 AM org.apache.openejb.assembler.classic.JndiBuilder bind
INFOS: Jndi(name=global/openejb/MEJB) --> Ejb(deployment-id=MEJB)
avr. 26, 2016 11:10:51 AM org.apache.openejb.assembler.classic.Assembler startEjbs
INFOS: Created Ejb(deployment-id=MEJB, ejb-name=MEJB, container=Default Stateless Container)
avr. 26, 2016 11:10:51 AM org.apache.openejb.assembler.classic.Assembler startEjbs
INFOS: Created Ejb(deployment-id=openejb/ConfigurationInfo, ejb-name=openejb/ConfigurationInfo, container=Default Stateless Container)
avr. 26, 2016 11:10:51 AM org.apache.openejb.assembler.classic.Assembler startEjbs
INFOS: Created Ejb(deployment-id=openejb/Deployer, ejb-name=openejb/Deployer, container=Default Stateless Container)
avr. 26, 2016 11:10:51 AM org.apache.openejb.assembler.classic.Assembler startEjbs
INFOS: Started Ejb(deployment-id=MEJB, ejb-name=MEJB, container=Default Stateless Container)
avr. 26, 2016 11:10:51 AM org.apache.openejb.assembler.classic.Assembler startEjbs
INFOS: Started Ejb(deployment-id=openejb/ConfigurationInfo, ejb-name=openejb/ConfigurationInfo, container=Default Stateless Container)
avr. 26, 2016 11:10:51 AM org.apache.openejb.assembler.classic.Assembler startEjbs
INFOS: Started Ejb(deployment-id=openejb/Deployer, ejb-name=openejb/Deployer, container=Default Stateless Container)
avr. 26, 2016 11:10:51 AM org.apache.openejb.assembler.classic.Assembler deployMBean
INFOS: Deployed MBean(openejb.user.mbeans:application=openejb,group=org.apache.openejb.assembler.monitoring,name=JMXDeployer)
avr. 26, 2016 11:10:51 AM org.apache.openejb.assembler.classic.Assembler createApplication
INFOS: Deployed Application(path=openejb)
avr. 26, 2016 11:10:51 AM org.apache.openejb.server.SimpleServiceManager start
INFOS:   ** Bound Services **
avr. 26, 2016 11:10:51 AM org.apache.openejb.server.SimpleServiceManager printRow
INFOS:   NAME                 IP              PORT  
avr. 26, 2016 11:10:51 AM org.apache.openejb.server.SimpleServiceManager start
INFOS: -------
avr. 26, 2016 11:10:51 AM org.apache.openejb.server.SimpleServiceManager start
INFOS: Ready!
avr. 26, 2016 11:10:51 AM org.apache.catalina.startup.Catalina load
INFOS: Initialization processed in 2671 ms
avr. 26, 2016 11:10:51 AM org.apache.tomee.catalina.OpenEJBNamingContextListener bindResource
INFOS: Importing a Tomcat Resource with id 'UserDatabase' of type 'org.apache.catalina.UserDatabase'.
avr. 26, 2016 11:10:51 AM org.apache.openejb.assembler.classic.Assembler createRecipe
INFOS: Creating Resource(id=UserDatabase)
avr. 26, 2016 11:10:51 AM org.apache.catalina.core.StandardService startInternal
INFOS: Démarrage du service Catalina
avr. 26, 2016 11:10:51 AM org.apache.catalina.core.StandardEngine startInternal
INFOS: Starting Servlet Engine: Apache Tomcat (TomEE)/7.0.55 (1.7.1)
avr. 26, 2016 11:10:51 AM org.apache.catalina.startup.HostConfig deployWAR
INFOS: Déploiement de l'archive /home/dimitri/Documents/master/S2/CAR/TP4JEE/apache-tomee/webapps/ROOT.war de l'application web
avr. 26, 2016 11:10:51 AM org.apache.tomee.catalina.TomcatWebAppBuilder init
INFOS: ------------------------- localhost -> /
avr. 26, 2016 11:10:51 AM org.apache.openejb.config.ConfigurationFactory configureApplication
INFOS: Configuring enterprise application: /home/dimitri/Documents/master/S2/CAR/TP4JEE/apache-tomee/webapps/ROOT
avr. 26, 2016 11:10:52 AM org.apache.openejb.config.AutoConfig deploy
INFOS: Configuring PersistenceUnit(name=book-pu)
avr. 26, 2016 11:10:52 AM org.apache.openejb.config.ConfigurationFactory configureService
INFOS: Configuring Service(id=Default JDBC Database, type=Resource, provider-id=Default JDBC Database)
avr. 26, 2016 11:10:52 AM org.apache.openejb.config.AutoConfig logAutoCreateResource
INFOS: Auto-creating a Resource with id 'Default JDBC Database' of type 'DataSource for 'book-pu'.
avr. 26, 2016 11:10:52 AM org.apache.openejb.assembler.classic.Assembler createRecipe
INFOS: Creating Resource(id=Default JDBC Database)
avr. 26, 2016 11:10:52 AM org.apache.tomee.jdbc.TomEEDataSourceCreator$TomEEDataSource readOnly
INFOS: Disabling testOnBorrow since no validation query is provided
avr. 26, 2016 11:10:52 AM org.apache.openejb.config.ConfigurationFactory configureService
INFOS: Configuring Service(id=Default Unmanaged JDBC Database, type=Resource, provider-id=Default Unmanaged JDBC Database)
avr. 26, 2016 11:10:52 AM org.apache.openejb.config.AutoConfig logAutoCreateResource
INFOS: Auto-creating a Resource with id 'Default Unmanaged JDBC Database' of type 'DataSource for 'book-pu'.
avr. 26, 2016 11:10:52 AM org.apache.openejb.assembler.classic.Assembler createRecipe
INFOS: Creating Resource(id=Default Unmanaged JDBC Database)
avr. 26, 2016 11:10:52 AM org.apache.tomee.jdbc.TomEEDataSourceCreator$TomEEDataSource readOnly
INFOS: Disabling testOnBorrow since no validation query is provided
avr. 26, 2016 11:10:52 AM org.apache.openejb.config.AutoConfig setJtaDataSource
INFOS: Adjusting PersistenceUnit book-pu <jta-data-source> to Resource ID 'Default JDBC Database' from 'bookDatabase'
avr. 26, 2016 11:10:52 AM org.apache.openejb.config.AutoConfig setNonJtaDataSource
INFOS: Adjusting PersistenceUnit book-pu <non-jta-data-source> to Resource ID 'Default Unmanaged JDBC Database' from 'null'
avr. 26, 2016 11:10:52 AM org.apache.openejb.config.AppInfoBuilder build
INFOS: Enterprise application "/home/dimitri/Documents/master/S2/CAR/TP4JEE/apache-tomee/webapps/ROOT" loaded.
avr. 26, 2016 11:10:52 AM org.apache.openejb.assembler.classic.Assembler createApplication
INFOS: Assembling app: /home/dimitri/Documents/master/S2/CAR/TP4JEE/apache-tomee/webapps/ROOT
avr. 26, 2016 11:10:52 AM null
INFOS: OpenJPA dynamically loaded a validation provider.
avr. 26, 2016 11:10:52 AM org.apache.openejb.assembler.classic.ReloadableEntityManagerFactory createDelegate
INFOS: PersistenceUnit(name=book-pu, provider=org.apache.openjpa.persistence.PersistenceProviderImpl) - provider time 299ms
avr. 26, 2016 11:10:52 AM org.apache.openejb.cdi.CdiBuilder initSingleton
INFOS: Existing thread singleton service in SystemInstance(): org.apache.openejb.cdi.ThreadSingletonServiceImpl@73b9ce
avr. 26, 2016 11:10:52 AM org.apache.openejb.cdi.OpenEJBLifecycle startApplication
INFOS: OpenWebBeans Container is starting...
avr. 26, 2016 11:10:52 AM org.apache.webbeans.plugins.PluginLoader startUp
INFOS: Adding OpenWebBeansPlugin : [CdiPlugin]
avr. 26, 2016 11:10:52 AM org.apache.webbeans.plugins.PluginLoader startUp
INFOS: Adding OpenWebBeansPlugin : [OpenWebBeansJsfPlugin]
avr. 26, 2016 11:10:52 AM org.apache.webbeans.config.BeansDeployer validateInjectionPoints
INFOS: All injection points were validated successfully.
avr. 26, 2016 11:10:52 AM org.apache.openejb.cdi.OpenEJBLifecycle startApplication
INFOS: OpenWebBeans Container has started, it took 145 ms.
avr. 26, 2016 11:10:52 AM org.apache.openejb.assembler.classic.Assembler createApplication
INFOS: Deployed Application(path=/home/dimitri/Documents/master/S2/CAR/TP4JEE/apache-tomee/webapps/ROOT)
avr. 26, 2016 11:10:53 AM org.apache.catalina.startup.HostConfig deployWAR
INFOS: Deployment of web application archive /home/dimitri/Documents/master/S2/CAR/TP4JEE/apache-tomee/webapps/ROOT.war has finished in 1 552 ms
avr. 26, 2016 11:10:53 AM org.apache.catalina.startup.HostConfig deployDirectory
INFOS: Déploiement du répertoire /home/dimitri/Documents/master/S2/CAR/TP4JEE/apache-tomee/webapps/formulaire.html.unpacked de l'application web
avr. 26, 2016 11:10:53 AM org.apache.tomee.catalina.TomcatWebAppBuilder init
INFOS: ------------------------- localhost -> /formulaire.html.unpacked
avr. 26, 2016 11:10:53 AM org.apache.openejb.util.OptionsLog info
INFOS: Using 'openejb.default.deployment-module=org.apache.openejb.config.WebModule'
avr. 26, 2016 11:10:53 AM org.apache.openejb.config.ConfigurationFactory configureApplication
INFOS: Configuring enterprise application: /home/dimitri/Documents/master/S2/CAR/TP4JEE/apache-tomee/webapps/formulaire.html.unpacked
avr. 26, 2016 11:10:53 AM org.apache.openejb.config.AppInfoBuilder build
INFOS: Enterprise application "/home/dimitri/Documents/master/S2/CAR/TP4JEE/apache-tomee/webapps/formulaire.html.unpacked" loaded.
avr. 26, 2016 11:10:53 AM org.apache.openejb.assembler.classic.Assembler createApplication
INFOS: Assembling app: /home/dimitri/Documents/master/S2/CAR/TP4JEE/apache-tomee/webapps/formulaire.html.unpacked
avr. 26, 2016 11:10:53 AM org.apache.openejb.cdi.CdiBuilder initSingleton
INFOS: Existing thread singleton service in SystemInstance(): org.apache.openejb.cdi.ThreadSingletonServiceImpl@73b9ce
avr. 26, 2016 11:10:53 AM org.apache.openejb.cdi.OpenEJBLifecycle startApplication
INFOS: OpenWebBeans Container is starting...
avr. 26, 2016 11:10:53 AM org.apache.webbeans.plugins.PluginLoader startUp
INFOS: Adding OpenWebBeansPlugin : [CdiPlugin]
avr. 26, 2016 11:10:53 AM org.apache.webbeans.plugins.PluginLoader startUp
INFOS: Adding OpenWebBeansPlugin : [OpenWebBeansJsfPlugin]
avr. 26, 2016 11:10:53 AM org.apache.webbeans.config.BeansDeployer validateInjectionPoints
INFOS: All injection points were validated successfully.
avr. 26, 2016 11:10:53 AM org.apache.openejb.cdi.OpenEJBLifecycle startApplication
INFOS: OpenWebBeans Container has started, it took 14 ms.
avr. 26, 2016 11:10:53 AM org.apache.openejb.assembler.classic.Assembler createApplication
INFOS: Deployed Application(path=/home/dimitri/Documents/master/S2/CAR/TP4JEE/apache-tomee/webapps/formulaire.html.unpacked)
avr. 26, 2016 11:10:53 AM org.apache.catalina.startup.HostConfig deployDirectory
INFOS: Deployment of web application directory /home/dimitri/Documents/master/S2/CAR/TP4JEE/apache-tomee/webapps/formulaire.html.unpacked has finished in 179 ms
avr. 26, 2016 11:10:53 AM org.apache.coyote.AbstractProtocol start
INFOS: Starting ProtocolHandler ["http-bio-8080"]
avr. 26, 2016 11:10:53 AM org.apache.coyote.AbstractProtocol start
INFOS: Starting ProtocolHandler ["ajp-bio-8009"]
avr. 26, 2016 11:10:53 AM org.apache.catalina.startup.Catalina start
INFOS: Server startup in 1827 ms
avr. 26, 2016 11:15:38 AM org.apache.coyote.AbstractProtocol pause
INFOS: Pausing ProtocolHandler ["http-bio-8080"]
avr. 26, 2016 11:15:38 AM org.apache.coyote.AbstractProtocol pause
INFOS: Pausing ProtocolHandler ["ajp-bio-8009"]
avr. 26, 2016 11:15:38 AM org.apache.catalina.core.StandardService stopInternal
INFOS: Arrêt du service Catalina
avr. 26, 2016 11:15:38 AM org.apache.openejb.assembler.classic.Assembler destroyApplication
INFOS: Undeploying app: /home/dimitri/Documents/master/S2/CAR/TP4JEE/apache-tomee/webapps/ROOT
avr. 26, 2016 11:15:39 AM org.apache.openejb.assembler.classic.Assembler destroyApplication
INFOS: Undeploying app: /home/dimitri/Documents/master/S2/CAR/TP4JEE/apache-tomee/webapps/formulaire.html.unpacked
avr. 26, 2016 11:15:39 AM org.apache.coyote.AbstractProtocol stop
INFOS: Stopping ProtocolHandler ["http-bio-8080"]
avr. 26, 2016 11:15:39 AM org.apache.coyote.AbstractProtocol stop
INFOS: Stopping ProtocolHandler ["ajp-bio-8009"]
avr. 26, 2016 11:15:39 AM org.apache.openejb.server.SimpleServiceManager stop
INFOS: Stopping server services
avr. 26, 2016 11:15:39 AM org.apache.openejb.assembler.classic.Assembler destroyApplication
INFOS: Undeploying app: openejb
avr. 26, 2016 11:15:39 AM org.apache.openejb.assembler.classic.Assembler destroyResource
INFOS: Closing DataSource: Default JDBC Database
avr. 26, 2016 11:15:39 AM org.apache.openejb.assembler.classic.Assembler destroyResource
INFOS: Closing DataSource: Default Unmanaged JDBC Database
avr. 26, 2016 11:15:39 AM org.apache.coyote.AbstractProtocol destroy
INFOS: Destroying ProtocolHandler ["http-bio-8080"]
avr. 26, 2016 11:15:39 AM org.apache.coyote.AbstractProtocol destroy
INFOS: Destroying ProtocolHandler ["ajp-bio-8009"]
avr. 26, 2016 11:15:40 AM org.apache.catalina.core.AprLifecycleListener init
INFOS: The APR based Apache Tomcat Native library which allows optimal performance in production environments was not found on the java.library.path: /usr/java/packages/lib/i386:/lib:/usr/lib
avr. 26, 2016 11:15:41 AM org.apache.coyote.AbstractProtocol init
INFOS: Initializing ProtocolHandler ["http-bio-8080"]
avr. 26, 2016 11:15:41 AM org.apache.coyote.AbstractProtocol init
INFOS: Initializing ProtocolHandler ["ajp-bio-8009"]
avr. 26, 2016 11:15:42 AM org.apache.openejb.util.OptionsLog info
INFOS: Using 'openejb.jdbc.datasource-creator=org.apache.tomee.jdbc.TomEEDataSourceCreator'
avr. 26, 2016 11:15:42 AM org.apache.openejb.OpenEJB$Instance <init>
INFOS: ********************************************************************************
avr. 26, 2016 11:15:42 AM org.apache.openejb.OpenEJB$Instance <init>
INFOS: OpenEJB http://openejb.apache.org/
avr. 26, 2016 11:15:42 AM org.apache.openejb.OpenEJB$Instance <init>
INFOS: Startup: Tue Apr 26 11:15:42 CEST 2016
avr. 26, 2016 11:15:42 AM org.apache.openejb.OpenEJB$Instance <init>
INFOS: Copyright 1999-2013 (C) Apache OpenEJB Project, All Rights Reserved.
avr. 26, 2016 11:15:42 AM org.apache.openejb.OpenEJB$Instance <init>
INFOS: Version: 4.7.1
avr. 26, 2016 11:15:42 AM org.apache.openejb.OpenEJB$Instance <init>
INFOS: Build date: 20140912
avr. 26, 2016 11:15:42 AM org.apache.openejb.OpenEJB$Instance <init>
INFOS: Build time: 01:43
avr. 26, 2016 11:15:42 AM org.apache.openejb.OpenEJB$Instance <init>
INFOS: ********************************************************************************
avr. 26, 2016 11:15:42 AM org.apache.openejb.OpenEJB$Instance <init>
INFOS: openejb.home = /home/dimitri/Documents/master/S2/CAR/TP4JEE/apache-tomee
avr. 26, 2016 11:15:42 AM org.apache.openejb.OpenEJB$Instance <init>
INFOS: openejb.base = /home/dimitri/Documents/master/S2/CAR/TP4JEE/apache-tomee
avr. 26, 2016 11:15:42 AM org.apache.openejb.cdi.CdiBuilder initializeOWB
INFOS: Created new singletonService org.apache.openejb.cdi.ThreadSingletonServiceImpl@73b9ce
avr. 26, 2016 11:15:42 AM org.apache.openejb.cdi.CdiBuilder initializeOWB
INFOS: Succeeded in installing singleton service
avr. 26, 2016 11:15:42 AM org.apache.openejb.config.ConfigurationFactory init
INFOS: openejb configuration file is '/home/dimitri/Documents/master/S2/CAR/TP4JEE/apache-tomee/conf/tomee.xml'
avr. 26, 2016 11:15:42 AM org.apache.openejb.config.ConfigurationFactory configureService
INFOS: Configuring Service(id=Tomcat Security Service, type=SecurityService, provider-id=Tomcat Security Service)
avr. 26, 2016 11:15:42 AM org.apache.openejb.config.ConfigurationFactory configureService
INFOS: Configuring Service(id=Default Transaction Manager, type=TransactionManager, provider-id=Default Transaction Manager)
avr. 26, 2016 11:15:42 AM org.apache.openejb.util.OptionsLog info
INFOS: Using 'openejb.system.apps=true'
avr. 26, 2016 11:15:42 AM org.apache.openejb.config.ConfigurationFactory configureApplication
INFOS: Configuring enterprise application: openejb
avr. 26, 2016 11:15:42 AM org.apache.openejb.config.InitEjbDeployments deploy
INFOS: Using openejb.deploymentId.format '{ejbName}'
avr. 26, 2016 11:15:42 AM org.apache.openejb.config.InitEjbDeployments deploy
INFOS: Auto-deploying ejb openejb/Deployer: EjbDeployment(deployment-id=openejb/Deployer)
avr. 26, 2016 11:15:42 AM org.apache.openejb.config.InitEjbDeployments deploy
INFOS: Auto-deploying ejb openejb/ConfigurationInfo: EjbDeployment(deployment-id=openejb/ConfigurationInfo)
avr. 26, 2016 11:15:42 AM org.apache.openejb.config.InitEjbDeployments deploy
INFOS: Auto-deploying ejb MEJB: EjbDeployment(deployment-id=MEJB)
avr. 26, 2016 11:15:42 AM org.apache.openejb.config.ConfigurationFactory configureService
INFOS: Configuring Service(id=Default Stateless Container, type=Container, provider-id=Default Stateless Container)
avr. 26, 2016 11:15:42 AM org.apache.openejb.config.AutoConfig createContainer
INFOS: Auto-creating a container for bean openejb/Deployer: Container(type=STATELESS, id=Default Stateless Container)
avr. 26, 2016 11:15:42 AM org.apache.openejb.config.AppInfoBuilder build
INFOS: Enterprise application "openejb" loaded.
avr. 26, 2016 11:15:42 AM org.apache.openejb.assembler.classic.Assembler createRecipe
INFOS: Creating TransactionManager(id=Default Transaction Manager)
avr. 26, 2016 11:15:42 AM org.apache.openejb.assembler.classic.Assembler createRecipe
INFOS: Creating SecurityService(id=Tomcat Security Service)
avr. 26, 2016 11:15:42 AM org.apache.openejb.assembler.classic.Assembler createRecipe
INFOS: Creating Container(id=Default Stateless Container)
avr. 26, 2016 11:15:42 AM org.apache.openejb.assembler.classic.Assembler createApplication
INFOS: Assembling app: openejb
avr. 26, 2016 11:15:43 AM org.apache.openejb.util.OptionsLog info
INFOS: Using 'openejb.jndiname.format={deploymentId}{interfaceType.openejbLegacyName}'
avr. 26, 2016 11:15:43 AM org.apache.openejb.assembler.classic.JndiBuilder bind
INFOS: Jndi(name=openejb/DeployerBusinessRemote) --> Ejb(deployment-id=openejb/Deployer)
avr. 26, 2016 11:15:43 AM org.apache.openejb.assembler.classic.JndiBuilder bind
INFOS: Jndi(name=global/openejb/openejb/Deployer!org.apache.openejb.assembler.Deployer) --> Ejb(deployment-id=openejb/Deployer)
avr. 26, 2016 11:15:43 AM org.apache.openejb.assembler.classic.JndiBuilder bind
INFOS: Jndi(name=global/openejb/openejb/Deployer) --> Ejb(deployment-id=openejb/Deployer)
avr. 26, 2016 11:15:43 AM org.apache.openejb.assembler.classic.JndiBuilder bind
INFOS: Jndi(name=openejb/ConfigurationInfoBusinessRemote) --> Ejb(deployment-id=openejb/ConfigurationInfo)
avr. 26, 2016 11:15:43 AM org.apache.openejb.assembler.classic.JndiBuilder bind
INFOS: Jndi(name=global/openejb/openejb/ConfigurationInfo!org.apache.openejb.assembler.classic.cmd.ConfigurationInfo) --> Ejb(deployment-id=openejb/ConfigurationInfo)
avr. 26, 2016 11:15:43 AM org.apache.openejb.assembler.classic.JndiBuilder bind
INFOS: Jndi(name=global/openejb/openejb/ConfigurationInfo) --> Ejb(deployment-id=openejb/ConfigurationInfo)
avr. 26, 2016 11:15:43 AM org.apache.openejb.assembler.classic.JndiBuilder bind
INFOS: Jndi(name=MEJB) --> Ejb(deployment-id=MEJB)
avr. 26, 2016 11:15:43 AM org.apache.openejb.assembler.classic.JndiBuilder bind
INFOS: Jndi(name=global/openejb/MEJB!javax.management.j2ee.ManagementHome) --> Ejb(deployment-id=MEJB)
avr. 26, 2016 11:15:43 AM org.apache.openejb.assembler.classic.JndiBuilder bind
INFOS: Jndi(name=global/openejb/MEJB) --> Ejb(deployment-id=MEJB)
avr. 26, 2016 11:15:43 AM org.apache.openejb.assembler.classic.Assembler startEjbs
INFOS: Created Ejb(deployment-id=MEJB, ejb-name=MEJB, container=Default Stateless Container)
avr. 26, 2016 11:15:43 AM org.apache.openejb.assembler.classic.Assembler startEjbs
INFOS: Created Ejb(deployment-id=openejb/ConfigurationInfo, ejb-name=openejb/ConfigurationInfo, container=Default Stateless Container)
avr. 26, 2016 11:15:43 AM org.apache.openejb.assembler.classic.Assembler startEjbs
INFOS: Created Ejb(deployment-id=openejb/Deployer, ejb-name=openejb/Deployer, container=Default Stateless Container)
avr. 26, 2016 11:15:43 AM org.apache.openejb.assembler.classic.Assembler startEjbs
INFOS: Started Ejb(deployment-id=MEJB, ejb-name=MEJB, container=Default Stateless Container)
avr. 26, 2016 11:15:43 AM org.apache.openejb.assembler.classic.Assembler startEjbs
INFOS: Started Ejb(deployment-id=openejb/ConfigurationInfo, ejb-name=openejb/ConfigurationInfo, container=Default Stateless Container)
avr. 26, 2016 11:15:43 AM org.apache.openejb.assembler.classic.Assembler startEjbs
INFOS: Started Ejb(deployment-id=openejb/Deployer, ejb-name=openejb/Deployer, container=Default Stateless Container)
avr. 26, 2016 11:15:43 AM org.apache.openejb.assembler.classic.Assembler deployMBean
INFOS: Deployed MBean(openejb.user.mbeans:application=openejb,group=org.apache.openejb.assembler.monitoring,name=JMXDeployer)
avr. 26, 2016 11:15:43 AM org.apache.openejb.assembler.classic.Assembler createApplication
INFOS: Deployed Application(path=openejb)
avr. 26, 2016 11:15:43 AM org.apache.openejb.server.SimpleServiceManager start
INFOS:   ** Bound Services **
avr. 26, 2016 11:15:43 AM org.apache.openejb.server.SimpleServiceManager printRow
INFOS:   NAME                 IP              PORT  
avr. 26, 2016 11:15:43 AM org.apache.openejb.server.SimpleServiceManager start
INFOS: -------
avr. 26, 2016 11:15:43 AM org.apache.openejb.server.SimpleServiceManager start
INFOS: Ready!
avr. 26, 2016 11:15:43 AM org.apache.catalina.startup.Catalina load
INFOS: Initialization processed in 2902 ms
avr. 26, 2016 11:15:43 AM org.apache.tomee.catalina.OpenEJBNamingContextListener bindResource
INFOS: Importing a Tomcat Resource with id 'UserDatabase' of type 'org.apache.catalina.UserDatabase'.
avr. 26, 2016 11:15:43 AM org.apache.openejb.assembler.classic.Assembler createRecipe
INFOS: Creating Resource(id=UserDatabase)
avr. 26, 2016 11:15:43 AM org.apache.catalina.core.StandardService startInternal
INFOS: Démarrage du service Catalina
avr. 26, 2016 11:15:43 AM org.apache.catalina.core.StandardEngine startInternal
INFOS: Starting Servlet Engine: Apache Tomcat (TomEE)/7.0.55 (1.7.1)
avr. 26, 2016 11:15:43 AM org.apache.catalina.startup.HostConfig deployWAR
INFOS: Déploiement de l'archive /home/dimitri/Documents/master/S2/CAR/TP4JEE/apache-tomee/webapps/ROOT.war de l'application web
avr. 26, 2016 11:15:43 AM org.apache.tomee.catalina.TomcatWebAppBuilder init
INFOS: ------------------------- localhost -> /
avr. 26, 2016 11:15:43 AM org.apache.openejb.config.ConfigurationFactory configureApplication
INFOS: Configuring enterprise application: /home/dimitri/Documents/master/S2/CAR/TP4JEE/apache-tomee/webapps/ROOT
avr. 26, 2016 11:15:43 AM org.apache.openejb.config.InitEjbDeployments deploy
INFOS: Auto-deploying ejb maBiblio: EjbDeployment(deployment-id=maBiblio)
avr. 26, 2016 11:15:43 AM org.apache.openejb.config.AppInfoBuilder build
INFOS: Enterprise application "/home/dimitri/Documents/master/S2/CAR/TP4JEE/apache-tomee/webapps/ROOT" loaded.
avr. 26, 2016 11:15:43 AM org.apache.openejb.assembler.classic.Assembler createApplication
INFOS: Assembling app: /home/dimitri/Documents/master/S2/CAR/TP4JEE/apache-tomee/webapps/ROOT
avr. 26, 2016 11:15:43 AM org.apache.openejb.assembler.classic.JndiBuilder bind
INFOS: Jndi(name=maBiblioLocal) --> Ejb(deployment-id=maBiblio)
avr. 26, 2016 11:15:43 AM org.apache.openejb.assembler.classic.JndiBuilder bind
INFOS: Jndi(name=global//maBiblio!main.java.BibliothequeItf) --> Ejb(deployment-id=maBiblio)
avr. 26, 2016 11:15:43 AM org.apache.openejb.assembler.classic.JndiBuilder bind
INFOS: Jndi(name=global//maBiblio) --> Ejb(deployment-id=maBiblio)
avr. 26, 2016 11:15:43 AM org.apache.openejb.cdi.CdiBuilder initSingleton
INFOS: Existing thread singleton service in SystemInstance(): org.apache.openejb.cdi.ThreadSingletonServiceImpl@73b9ce
avr. 26, 2016 11:15:44 AM org.apache.openejb.cdi.OpenEJBLifecycle startApplication
INFOS: OpenWebBeans Container is starting...
avr. 26, 2016 11:15:44 AM org.apache.webbeans.plugins.PluginLoader startUp
INFOS: Adding OpenWebBeansPlugin : [CdiPlugin]
avr. 26, 2016 11:15:44 AM org.apache.webbeans.plugins.PluginLoader startUp
INFOS: Adding OpenWebBeansPlugin : [OpenWebBeansJsfPlugin]
avr. 26, 2016 11:15:44 AM org.apache.webbeans.config.BeansDeployer validateInjectionPoints
INFOS: All injection points were validated successfully.
avr. 26, 2016 11:15:44 AM org.apache.openejb.cdi.OpenEJBLifecycle startApplication
INFOS: OpenWebBeans Container has started, it took 440 ms.
avr. 26, 2016 11:15:44 AM org.apache.openejb.assembler.classic.Assembler startEjbs
INFOS: Created Ejb(deployment-id=maBiblio, ejb-name=maBiblio, container=Default Stateless Container)
avr. 26, 2016 11:15:44 AM org.apache.openejb.assembler.classic.Assembler startEjbs
INFOS: Started Ejb(deployment-id=maBiblio, ejb-name=maBiblio, container=Default Stateless Container)
avr. 26, 2016 11:15:44 AM org.apache.openejb.assembler.classic.Assembler createApplication
INFOS: Deployed Application(path=/home/dimitri/Documents/master/S2/CAR/TP4JEE/apache-tomee/webapps/ROOT)
avr. 26, 2016 11:15:44 AM org.apache.catalina.startup.HostConfig deployWAR
INFOS: Deployment of web application archive /home/dimitri/Documents/master/S2/CAR/TP4JEE/apache-tomee/webapps/ROOT.war has finished in 1 301 ms
avr. 26, 2016 11:15:44 AM org.apache.catalina.startup.HostConfig deployDirectory
INFOS: Déploiement du répertoire /home/dimitri/Documents/master/S2/CAR/TP4JEE/apache-tomee/webapps/formulaire.html.unpacked de l'application web
avr. 26, 2016 11:15:44 AM org.apache.tomee.catalina.TomcatWebAppBuilder init
INFOS: ------------------------- localhost -> /formulaire.html.unpacked
avr. 26, 2016 11:15:44 AM org.apache.openejb.util.OptionsLog info
INFOS: Using 'openejb.default.deployment-module=org.apache.openejb.config.WebModule'
avr. 26, 2016 11:15:44 AM org.apache.openejb.config.ConfigurationFactory configureApplication
INFOS: Configuring enterprise application: /home/dimitri/Documents/master/S2/CAR/TP4JEE/apache-tomee/webapps/formulaire.html.unpacked
avr. 26, 2016 11:15:44 AM org.apache.openejb.config.AppInfoBuilder build
INFOS: Enterprise application "/home/dimitri/Documents/master/S2/CAR/TP4JEE/apache-tomee/webapps/formulaire.html.unpacked" loaded.
avr. 26, 2016 11:15:44 AM org.apache.openejb.assembler.classic.Assembler createApplication
INFOS: Assembling app: /home/dimitri/Documents/master/S2/CAR/TP4JEE/apache-tomee/webapps/formulaire.html.unpacked
avr. 26, 2016 11:15:44 AM org.apache.openejb.cdi.CdiBuilder initSingleton
INFOS: Existing thread singleton service in SystemInstance(): org.apache.openejb.cdi.ThreadSingletonServiceImpl@73b9ce
avr. 26, 2016 11:15:44 AM org.apache.openejb.cdi.OpenEJBLifecycle startApplication
INFOS: OpenWebBeans Container is starting...
avr. 26, 2016 11:15:44 AM org.apache.webbeans.plugins.PluginLoader startUp
INFOS: Adding OpenWebBeansPlugin : [CdiPlugin]
avr. 26, 2016 11:15:44 AM org.apache.webbeans.plugins.PluginLoader startUp
INFOS: Adding OpenWebBeansPlugin : [OpenWebBeansJsfPlugin]
avr. 26, 2016 11:15:45 AM org.apache.webbeans.config.BeansDeployer validateInjectionPoints
INFOS: All injection points were validated successfully.
avr. 26, 2016 11:15:45 AM org.apache.openejb.cdi.OpenEJBLifecycle startApplication
INFOS: OpenWebBeans Container has started, it took 23 ms.
avr. 26, 2016 11:15:45 AM org.apache.openejb.assembler.classic.Assembler createApplication
INFOS: Deployed Application(path=/home/dimitri/Documents/master/S2/CAR/TP4JEE/apache-tomee/webapps/formulaire.html.unpacked)
avr. 26, 2016 11:15:45 AM org.apache.catalina.startup.HostConfig deployDirectory
INFOS: Deployment of web application directory /home/dimitri/Documents/master/S2/CAR/TP4JEE/apache-tomee/webapps/formulaire.html.unpacked has finished in 261 ms
avr. 26, 2016 11:15:45 AM org.apache.coyote.AbstractProtocol start
INFOS: Starting ProtocolHandler ["http-bio-8080"]
avr. 26, 2016 11:15:45 AM org.apache.coyote.AbstractProtocol start
INFOS: Starting ProtocolHandler ["ajp-bio-8009"]
avr. 26, 2016 11:15:45 AM org.apache.catalina.startup.Catalina start
INFOS: Server startup in 1703 ms
avr. 26, 2016 11:16:46 AM org.apache.coyote.AbstractProtocol pause
INFOS: Pausing ProtocolHandler ["http-bio-8080"]
avr. 26, 2016 11:16:46 AM org.apache.coyote.AbstractProtocol pause
INFOS: Pausing ProtocolHandler ["ajp-bio-8009"]
avr. 26, 2016 11:16:46 AM org.apache.catalina.core.StandardService stopInternal
INFOS: Arrêt du service Catalina
avr. 26, 2016 11:16:46 AM org.apache.openejb.assembler.classic.Assembler destroyApplication
INFOS: Undeploying app: /home/dimitri/Documents/master/S2/CAR/TP4JEE/apache-tomee/webapps/ROOT
avr. 26, 2016 11:16:46 AM org.apache.openejb.assembler.classic.Assembler destroyApplication
INFOS: Undeploying app: /home/dimitri/Documents/master/S2/CAR/TP4JEE/apache-tomee/webapps/formulaire.html.unpacked
avr. 26, 2016 11:16:46 AM org.apache.coyote.AbstractProtocol stop
INFOS: Stopping ProtocolHandler ["http-bio-8080"]
avr. 26, 2016 11:16:46 AM org.apache.coyote.AbstractProtocol stop
INFOS: Stopping ProtocolHandler ["ajp-bio-8009"]
avr. 26, 2016 11:16:46 AM org.apache.openejb.server.SimpleServiceManager stop
INFOS: Stopping server services
avr. 26, 2016 11:16:46 AM org.apache.openejb.assembler.classic.Assembler destroyApplication
INFOS: Undeploying app: openejb
avr. 26, 2016 11:16:46 AM org.apache.coyote.AbstractProtocol destroy
INFOS: Destroying ProtocolHandler ["http-bio-8080"]
avr. 26, 2016 11:16:46 AM org.apache.coyote.AbstractProtocol destroy
INFOS: Destroying ProtocolHandler ["ajp-bio-8009"]
