avr. 24, 2016 5:28:50 PM org.apache.catalina.core.StandardWrapperValve invoke
GRAVE: Servlet.service() for servlet [jsp] in context with path [] threw exception [Impossible de compiler la classe pour la JSP: 

Une erreur s'est produite à la ligne: 27 dans le fichier jsp: /formulaire.jsp
titre cannot be resolved to a variable
24:     </div>
25:     
26:     <%
27:         titre = request.getParameter("titre");
28:         if(titre != null){
29:             out.println("<h1>Recapitulatif : </h1>");
30:             out.println("Titre : " + titre + "<br />");


Une erreur s'est produite à la ligne: 28 dans le fichier jsp: /formulaire.jsp
titre cannot be resolved to a variable
25:     
26:     <%
27:         titre = request.getParameter("titre");
28:         if(titre != null){
29:             out.println("<h1>Recapitulatif : </h1>");
30:             out.println("Titre : " + titre + "<br />");
31:             String auteur = request.getParameter("auteur");


Une erreur s'est produite à la ligne: 30 dans le fichier jsp: /formulaire.jsp
titre cannot be resolved to a variable
27:         titre = request.getParameter("titre");
28:         if(titre != null){
29:             out.println("<h1>Recapitulatif : </h1>");
30:             out.println("Titre : " + titre + "<br />");
31:             String auteur = request.getParameter("auteur");
32:             String annee = request.getParameter("annee");
33:             if(auteur!=null)


Stacktrace:] with root cause
org.apache.jasper.JasperException: Impossible de compiler la classe pour la JSP: 

Une erreur s'est produite à la ligne: 27 dans le fichier jsp: /formulaire.jsp
titre cannot be resolved to a variable
24:     </div>
25:     
26:     <%
27:         titre = request.getParameter("titre");
28:         if(titre != null){
29:             out.println("<h1>Recapitulatif : </h1>");
30:             out.println("Titre : " + titre + "<br />");


Une erreur s'est produite à la ligne: 28 dans le fichier jsp: /formulaire.jsp
titre cannot be resolved to a variable
25:     
26:     <%
27:         titre = request.getParameter("titre");
28:         if(titre != null){
29:             out.println("<h1>Recapitulatif : </h1>");
30:             out.println("Titre : " + titre + "<br />");
31:             String auteur = request.getParameter("auteur");


Une erreur s'est produite à la ligne: 30 dans le fichier jsp: /formulaire.jsp
titre cannot be resolved to a variable
27:         titre = request.getParameter("titre");
28:         if(titre != null){
29:             out.println("<h1>Recapitulatif : </h1>");
30:             out.println("Titre : " + titre + "<br />");
31:             String auteur = request.getParameter("auteur");
32:             String annee = request.getParameter("annee");
33:             if(auteur!=null)


Stacktrace:
	at org.apache.jasper.compiler.DefaultErrorHandler.javacError(DefaultErrorHandler.java:103)
	at org.apache.jasper.compiler.ErrorDispatcher.javacError(ErrorDispatcher.java:366)
	at org.apache.jasper.compiler.JDTCompiler.generateClass(JDTCompiler.java:476)
	at org.apache.jasper.compiler.Compiler.compile(Compiler.java:378)
	at org.apache.jasper.compiler.Compiler.compile(Compiler.java:353)
	at org.apache.jasper.compiler.Compiler.compile(Compiler.java:340)
	at org.apache.jasper.JspCompilationContext.compile(JspCompilationContext.java:657)
	at org.apache.jasper.servlet.JspServletWrapper.service(JspServletWrapper.java:357)
	at org.apache.jasper.servlet.JspServlet.serviceJspFile(JspServlet.java:390)
	at org.apache.jasper.servlet.JspServlet.service(JspServlet.java:334)
	at javax.servlet.http.HttpServlet.service(HttpServlet.java:727)
	at org.apache.catalina.core.ApplicationFilterChain.internalDoFilter(ApplicationFilterChain.java:303)
	at org.apache.catalina.core.ApplicationFilterChain.doFilter(ApplicationFilterChain.java:208)
	at org.apache.tomcat.websocket.server.WsFilter.doFilter(WsFilter.java:52)
	at org.apache.catalina.core.ApplicationFilterChain.internalDoFilter(ApplicationFilterChain.java:241)
	at org.apache.catalina.core.ApplicationFilterChain.doFilter(ApplicationFilterChain.java:208)
	at org.apache.catalina.core.StandardWrapperValve.invoke(StandardWrapperValve.java:220)
	at org.apache.catalina.core.StandardContextValve.invoke(StandardContextValve.java:122)
	at org.apache.tomee.catalina.OpenEJBValve.invoke(OpenEJBValve.java:44)
	at org.apache.catalina.authenticator.AuthenticatorBase.invoke(AuthenticatorBase.java:501)
	at org.apache.catalina.core.StandardHostValve.invoke(StandardHostValve.java:171)
	at org.apache.catalina.valves.ErrorReportValve.invoke(ErrorReportValve.java:103)
	at org.apache.catalina.valves.AccessLogValve.invoke(AccessLogValve.java:950)
	at org.apache.catalina.core.StandardEngineValve.invoke(StandardEngineValve.java:116)
	at org.apache.catalina.connector.CoyoteAdapter.service(CoyoteAdapter.java:408)
	at org.apache.coyote.http11.AbstractHttp11Processor.process(AbstractHttp11Processor.java:1070)
	at org.apache.coyote.AbstractProtocol$AbstractConnectionHandler.process(AbstractProtocol.java:611)
	at org.apache.tomcat.util.net.JIoEndpoint$SocketProcessor.run(JIoEndpoint.java:314)
	at java.util.concurrent.ThreadPoolExecutor.runWorker(ThreadPoolExecutor.java:1142)
	at java.util.concurrent.ThreadPoolExecutor$Worker.run(ThreadPoolExecutor.java:617)
	at org.apache.tomcat.util.threads.TaskThread$WrappingRunnable.run(TaskThread.java:61)
	at java.lang.Thread.run(Thread.java:745)

avr. 24, 2016 5:29:23 PM org.apache.catalina.core.StandardWrapperValve invoke
GRAVE: Servlet.service() for servlet [jsp] in context with path [] threw exception [Impossible de compiler la classe pour la JSP: 

Une erreur s'est produite à la ligne: 27 dans le fichier jsp: /formulaire.jsp
titre cannot be resolved to a variable
24:     </div>
25:     
26:     <%
27:         titre = request.getParameter("titre");
28:         if(titre != null){
29:             out.println("<h1>Recapitulatif : </h1>");
30:             out.println("Titre : " + titre + "<br />");


Une erreur s'est produite à la ligne: 28 dans le fichier jsp: /formulaire.jsp
titre cannot be resolved to a variable
25:     
26:     <%
27:         titre = request.getParameter("titre");
28:         if(titre != null){
29:             out.println("<h1>Recapitulatif : </h1>");
30:             out.println("Titre : " + titre + "<br />");
31:             String auteur = request.getParameter("auteur");


Une erreur s'est produite à la ligne: 30 dans le fichier jsp: /formulaire.jsp
titre cannot be resolved to a variable
27:         titre = request.getParameter("titre");
28:         if(titre != null){
29:             out.println("<h1>Recapitulatif : </h1>");
30:             out.println("Titre : " + titre + "<br />");
31:             String auteur = request.getParameter("auteur");
32:             String annee = request.getParameter("annee");
33:             if(auteur!=null)


Stacktrace:] with root cause
org.apache.jasper.JasperException: Impossible de compiler la classe pour la JSP: 

Une erreur s'est produite à la ligne: 27 dans le fichier jsp: /formulaire.jsp
titre cannot be resolved to a variable
24:     </div>
25:     
26:     <%
27:         titre = request.getParameter("titre");
28:         if(titre != null){
29:             out.println("<h1>Recapitulatif : </h1>");
30:             out.println("Titre : " + titre + "<br />");


Une erreur s'est produite à la ligne: 28 dans le fichier jsp: /formulaire.jsp
titre cannot be resolved to a variable
25:     
26:     <%
27:         titre = request.getParameter("titre");
28:         if(titre != null){
29:             out.println("<h1>Recapitulatif : </h1>");
30:             out.println("Titre : " + titre + "<br />");
31:             String auteur = request.getParameter("auteur");


Une erreur s'est produite à la ligne: 30 dans le fichier jsp: /formulaire.jsp
titre cannot be resolved to a variable
27:         titre = request.getParameter("titre");
28:         if(titre != null){
29:             out.println("<h1>Recapitulatif : </h1>");
30:             out.println("Titre : " + titre + "<br />");
31:             String auteur = request.getParameter("auteur");
32:             String annee = request.getParameter("annee");
33:             if(auteur!=null)


Stacktrace:
	at org.apache.jasper.compiler.DefaultErrorHandler.javacError(DefaultErrorHandler.java:103)
	at org.apache.jasper.compiler.ErrorDispatcher.javacError(ErrorDispatcher.java:366)
	at org.apache.jasper.compiler.JDTCompiler.generateClass(JDTCompiler.java:476)
	at org.apache.jasper.compiler.Compiler.compile(Compiler.java:378)
	at org.apache.jasper.compiler.Compiler.compile(Compiler.java:353)
	at org.apache.jasper.compiler.Compiler.compile(Compiler.java:340)
	at org.apache.jasper.JspCompilationContext.compile(JspCompilationContext.java:657)
	at org.apache.jasper.servlet.JspServletWrapper.service(JspServletWrapper.java:357)
	at org.apache.jasper.servlet.JspServlet.serviceJspFile(JspServlet.java:390)
	at org.apache.jasper.servlet.JspServlet.service(JspServlet.java:334)
	at javax.servlet.http.HttpServlet.service(HttpServlet.java:727)
	at org.apache.catalina.core.ApplicationFilterChain.internalDoFilter(ApplicationFilterChain.java:303)
	at org.apache.catalina.core.ApplicationFilterChain.doFilter(ApplicationFilterChain.java:208)
	at org.apache.tomcat.websocket.server.WsFilter.doFilter(WsFilter.java:52)
	at org.apache.catalina.core.ApplicationFilterChain.internalDoFilter(ApplicationFilterChain.java:241)
	at org.apache.catalina.core.ApplicationFilterChain.doFilter(ApplicationFilterChain.java:208)
	at org.apache.catalina.core.StandardWrapperValve.invoke(StandardWrapperValve.java:220)
	at org.apache.catalina.core.StandardContextValve.invoke(StandardContextValve.java:122)
	at org.apache.tomee.catalina.OpenEJBValve.invoke(OpenEJBValve.java:44)
	at org.apache.catalina.authenticator.AuthenticatorBase.invoke(AuthenticatorBase.java:501)
	at org.apache.catalina.core.StandardHostValve.invoke(StandardHostValve.java:171)
	at org.apache.catalina.valves.ErrorReportValve.invoke(ErrorReportValve.java:103)
	at org.apache.catalina.valves.AccessLogValve.invoke(AccessLogValve.java:950)
	at org.apache.catalina.core.StandardEngineValve.invoke(StandardEngineValve.java:116)
	at org.apache.catalina.connector.CoyoteAdapter.service(CoyoteAdapter.java:408)
	at org.apache.coyote.http11.AbstractHttp11Processor.process(AbstractHttp11Processor.java:1070)
	at org.apache.coyote.AbstractProtocol$AbstractConnectionHandler.process(AbstractProtocol.java:611)
	at org.apache.tomcat.util.net.JIoEndpoint$SocketProcessor.run(JIoEndpoint.java:314)
	at java.util.concurrent.ThreadPoolExecutor.runWorker(ThreadPoolExecutor.java:1142)
	at java.util.concurrent.ThreadPoolExecutor$Worker.run(ThreadPoolExecutor.java:617)
	at org.apache.tomcat.util.threads.TaskThread$WrappingRunnable.run(TaskThread.java:61)
	at java.lang.Thread.run(Thread.java:745)

avr. 24, 2016 5:44:21 PM org.apache.catalina.core.StandardWrapperValve invoke
GRAVE: Servlet.service() for servlet [jsp] in context with path [] threw exception [Impossible de compiler la classe pour la JSP: 

An error occurred at line: [36] in the generated java file: [/home/dimitri/Documents/master/S2/CAR/TP4JEE/apache-tomee/work/Catalina/localhost/_/org/apache/jsp/formulaire_jsp.java]
Syntax error, insert "}" to complete ClassBody

An error occurred at line: [113] in the generated java file: [/home/dimitri/Documents/master/S2/CAR/TP4JEE/apache-tomee/work/Catalina/localhost/_/org/apache/jsp/formulaire_jsp.java]
Syntax error, insert "else Statement" to complete IfStatement

An error occurred at line: [113] in the generated java file: [/home/dimitri/Documents/master/S2/CAR/TP4JEE/apache-tomee/work/Catalina/localhost/_/org/apache/jsp/formulaire_jsp.java]
Syntax error, insert "}" to complete Block

An error occurred at line: [113] in the generated java file: [/home/dimitri/Documents/master/S2/CAR/TP4JEE/apache-tomee/work/Catalina/localhost/_/org/apache/jsp/formulaire_jsp.java]
Syntax error, insert "else Statement" to complete IfStatement

An error occurred at line: [113] in the generated java file: [/home/dimitri/Documents/master/S2/CAR/TP4JEE/apache-tomee/work/Catalina/localhost/_/org/apache/jsp/formulaire_jsp.java]
Syntax error, insert "}" to complete Block

An error occurred at line: [131] in the generated java file: [/home/dimitri/Documents/master/S2/CAR/TP4JEE/apache-tomee/work/Catalina/localhost/_/org/apache/jsp/formulaire_jsp.java]
Syntax error on token "}", delete this token

Stacktrace:] with root cause
org.apache.jasper.JasperException: Impossible de compiler la classe pour la JSP: 

An error occurred at line: [36] in the generated java file: [/home/dimitri/Documents/master/S2/CAR/TP4JEE/apache-tomee/work/Catalina/localhost/_/org/apache/jsp/formulaire_jsp.java]
Syntax error, insert "}" to complete ClassBody

An error occurred at line: [113] in the generated java file: [/home/dimitri/Documents/master/S2/CAR/TP4JEE/apache-tomee/work/Catalina/localhost/_/org/apache/jsp/formulaire_jsp.java]
Syntax error, insert "else Statement" to complete IfStatement

An error occurred at line: [113] in the generated java file: [/home/dimitri/Documents/master/S2/CAR/TP4JEE/apache-tomee/work/Catalina/localhost/_/org/apache/jsp/formulaire_jsp.java]
Syntax error, insert "}" to complete Block

An error occurred at line: [113] in the generated java file: [/home/dimitri/Documents/master/S2/CAR/TP4JEE/apache-tomee/work/Catalina/localhost/_/org/apache/jsp/formulaire_jsp.java]
Syntax error, insert "else Statement" to complete IfStatement

An error occurred at line: [113] in the generated java file: [/home/dimitri/Documents/master/S2/CAR/TP4JEE/apache-tomee/work/Catalina/localhost/_/org/apache/jsp/formulaire_jsp.java]
Syntax error, insert "}" to complete Block

An error occurred at line: [131] in the generated java file: [/home/dimitri/Documents/master/S2/CAR/TP4JEE/apache-tomee/work/Catalina/localhost/_/org/apache/jsp/formulaire_jsp.java]
Syntax error on token "}", delete this token

Stacktrace:
	at org.apache.jasper.compiler.DefaultErrorHandler.javacError(DefaultErrorHandler.java:103)
	at org.apache.jasper.compiler.ErrorDispatcher.javacError(ErrorDispatcher.java:366)
	at org.apache.jasper.compiler.JDTCompiler.generateClass(JDTCompiler.java:476)
	at org.apache.jasper.compiler.Compiler.compile(Compiler.java:378)
	at org.apache.jasper.compiler.Compiler.compile(Compiler.java:353)
	at org.apache.jasper.compiler.Compiler.compile(Compiler.java:340)
	at org.apache.jasper.JspCompilationContext.compile(JspCompilationContext.java:657)
	at org.apache.jasper.servlet.JspServletWrapper.service(JspServletWrapper.java:357)
	at org.apache.jasper.servlet.JspServlet.serviceJspFile(JspServlet.java:390)
	at org.apache.jasper.servlet.JspServlet.service(JspServlet.java:334)
	at javax.servlet.http.HttpServlet.service(HttpServlet.java:727)
	at org.apache.catalina.core.ApplicationFilterChain.internalDoFilter(ApplicationFilterChain.java:303)
	at org.apache.catalina.core.ApplicationFilterChain.doFilter(ApplicationFilterChain.java:208)
	at org.apache.tomcat.websocket.server.WsFilter.doFilter(WsFilter.java:52)
	at org.apache.catalina.core.ApplicationFilterChain.internalDoFilter(ApplicationFilterChain.java:241)
	at org.apache.catalina.core.ApplicationFilterChain.doFilter(ApplicationFilterChain.java:208)
	at org.apache.catalina.core.StandardWrapperValve.invoke(StandardWrapperValve.java:220)
	at org.apache.catalina.core.StandardContextValve.invoke(StandardContextValve.java:122)
	at org.apache.tomee.catalina.OpenEJBValve.invoke(OpenEJBValve.java:44)
	at org.apache.catalina.authenticator.AuthenticatorBase.invoke(AuthenticatorBase.java:501)
	at org.apache.catalina.core.StandardHostValve.invoke(StandardHostValve.java:171)
	at org.apache.catalina.valves.ErrorReportValve.invoke(ErrorReportValve.java:103)
	at org.apache.catalina.valves.AccessLogValve.invoke(AccessLogValve.java:950)
	at org.apache.catalina.core.StandardEngineValve.invoke(StandardEngineValve.java:116)
	at org.apache.catalina.connector.CoyoteAdapter.service(CoyoteAdapter.java:408)
	at org.apache.coyote.http11.AbstractHttp11Processor.process(AbstractHttp11Processor.java:1070)
	at org.apache.coyote.AbstractProtocol$AbstractConnectionHandler.process(AbstractProtocol.java:611)
	at org.apache.tomcat.util.net.JIoEndpoint$SocketProcessor.run(JIoEndpoint.java:314)
	at java.util.concurrent.ThreadPoolExecutor.runWorker(ThreadPoolExecutor.java:1142)
	at java.util.concurrent.ThreadPoolExecutor$Worker.run(ThreadPoolExecutor.java:617)
	at org.apache.tomcat.util.threads.TaskThread$WrappingRunnable.run(TaskThread.java:61)
	at java.lang.Thread.run(Thread.java:745)

avr. 24, 2016 5:50:51 PM org.apache.catalina.core.StandardWrapperValve invoke
GRAVE: Servlet.service() for servlet [jsp] in context with path [] threw exception [An exception occurred processing JSP page /formulaire.jsp at line 10

7:   <body>
8:       <%
9:         String titre = request.getParameter("titreInput"), auteur = "qc", annee="qc";
10:         if(titre != null || !titre.equals("")){
11:             auteur = request.getParameter("auteurInput");
12:             annee = request.getParameter("anneeInput");
13:             if(auteur==null)


Stacktrace:] with root cause
java.lang.NullPointerException
	at org.apache.jsp.formulaire_jsp._jspService(formulaire_jsp.java:72)
	at org.apache.jasper.runtime.HttpJspBase.service(HttpJspBase.java:70)
	at javax.servlet.http.HttpServlet.service(HttpServlet.java:727)
	at org.apache.jasper.servlet.JspServletWrapper.service(JspServletWrapper.java:432)
	at org.apache.jasper.servlet.JspServlet.serviceJspFile(JspServlet.java:390)
	at org.apache.jasper.servlet.JspServlet.service(JspServlet.java:334)
	at javax.servlet.http.HttpServlet.service(HttpServlet.java:727)
	at org.apache.catalina.core.ApplicationFilterChain.internalDoFilter(ApplicationFilterChain.java:303)
	at org.apache.catalina.core.ApplicationFilterChain.doFilter(ApplicationFilterChain.java:208)
	at org.apache.tomcat.websocket.server.WsFilter.doFilter(WsFilter.java:52)
	at org.apache.catalina.core.ApplicationFilterChain.internalDoFilter(ApplicationFilterChain.java:241)
	at org.apache.catalina.core.ApplicationFilterChain.doFilter(ApplicationFilterChain.java:208)
	at org.apache.catalina.core.StandardWrapperValve.invoke(StandardWrapperValve.java:220)
	at org.apache.catalina.core.StandardContextValve.invoke(StandardContextValve.java:122)
	at org.apache.tomee.catalina.OpenEJBValve.invoke(OpenEJBValve.java:44)
	at org.apache.catalina.authenticator.AuthenticatorBase.invoke(AuthenticatorBase.java:501)
	at org.apache.catalina.core.StandardHostValve.invoke(StandardHostValve.java:171)
	at org.apache.catalina.valves.ErrorReportValve.invoke(ErrorReportValve.java:103)
	at org.apache.catalina.valves.AccessLogValve.invoke(AccessLogValve.java:950)
	at org.apache.catalina.core.StandardEngineValve.invoke(StandardEngineValve.java:116)
	at org.apache.catalina.connector.CoyoteAdapter.service(CoyoteAdapter.java:408)
	at org.apache.coyote.http11.AbstractHttp11Processor.process(AbstractHttp11Processor.java:1070)
	at org.apache.coyote.AbstractProtocol$AbstractConnectionHandler.process(AbstractProtocol.java:611)
	at org.apache.tomcat.util.net.JIoEndpoint$SocketProcessor.run(JIoEndpoint.java:314)
	at java.util.concurrent.ThreadPoolExecutor.runWorker(ThreadPoolExecutor.java:1142)
	at java.util.concurrent.ThreadPoolExecutor$Worker.run(ThreadPoolExecutor.java:617)
	at org.apache.tomcat.util.threads.TaskThread$WrappingRunnable.run(TaskThread.java:61)
	at java.lang.Thread.run(Thread.java:745)

avr. 24, 2016 5:52:09 PM org.apache.catalina.core.StandardWrapperValve invoke
GRAVE: Servlet.service() for servlet [jsp] in context with path [] threw exception [An exception occurred processing JSP page /formulaire.jsp at line 10

7:   <body>
8:       <%
9:         String titre = request.getParameter("titreInput"), auteur = "", annee="";
10:         if(titre != null || !titre.equals("")){
11:             auteur = request.getParameter("auteurInput");
12:             annee = request.getParameter("anneeInput");
13:             if(auteur==null)


Stacktrace:] with root cause
java.lang.NullPointerException
	at org.apache.jsp.formulaire_jsp._jspService(formulaire_jsp.java:72)
	at org.apache.jasper.runtime.HttpJspBase.service(HttpJspBase.java:70)
	at javax.servlet.http.HttpServlet.service(HttpServlet.java:727)
	at org.apache.jasper.servlet.JspServletWrapper.service(JspServletWrapper.java:432)
	at org.apache.jasper.servlet.JspServlet.serviceJspFile(JspServlet.java:390)
	at org.apache.jasper.servlet.JspServlet.service(JspServlet.java:334)
	at javax.servlet.http.HttpServlet.service(HttpServlet.java:727)
	at org.apache.catalina.core.ApplicationFilterChain.internalDoFilter(ApplicationFilterChain.java:303)
	at org.apache.catalina.core.ApplicationFilterChain.doFilter(ApplicationFilterChain.java:208)
	at org.apache.tomcat.websocket.server.WsFilter.doFilter(WsFilter.java:52)
	at org.apache.catalina.core.ApplicationFilterChain.internalDoFilter(ApplicationFilterChain.java:241)
	at org.apache.catalina.core.ApplicationFilterChain.doFilter(ApplicationFilterChain.java:208)
	at org.apache.catalina.core.StandardWrapperValve.invoke(StandardWrapperValve.java:220)
	at org.apache.catalina.core.StandardContextValve.invoke(StandardContextValve.java:122)
	at org.apache.tomee.catalina.OpenEJBValve.invoke(OpenEJBValve.java:44)
	at org.apache.catalina.authenticator.AuthenticatorBase.invoke(AuthenticatorBase.java:501)
	at org.apache.catalina.core.StandardHostValve.invoke(StandardHostValve.java:171)
	at org.apache.catalina.valves.ErrorReportValve.invoke(ErrorReportValve.java:103)
	at org.apache.catalina.valves.AccessLogValve.invoke(AccessLogValve.java:950)
	at org.apache.catalina.core.StandardEngineValve.invoke(StandardEngineValve.java:116)
	at org.apache.catalina.connector.CoyoteAdapter.service(CoyoteAdapter.java:408)
	at org.apache.coyote.http11.AbstractHttp11Processor.process(AbstractHttp11Processor.java:1070)
	at org.apache.coyote.AbstractProtocol$AbstractConnectionHandler.process(AbstractProtocol.java:611)
	at org.apache.tomcat.util.net.JIoEndpoint$SocketProcessor.run(JIoEndpoint.java:314)
	at java.util.concurrent.ThreadPoolExecutor.runWorker(ThreadPoolExecutor.java:1142)
	at java.util.concurrent.ThreadPoolExecutor$Worker.run(ThreadPoolExecutor.java:617)
	at org.apache.tomcat.util.threads.TaskThread$WrappingRunnable.run(TaskThread.java:61)
	at java.lang.Thread.run(Thread.java:745)

avr. 24, 2016 5:56:35 PM org.apache.catalina.core.StandardWrapperValve invoke
GRAVE: Servlet.service() for servlet [jsp] in context with path [] threw exception [Impossible de compiler la classe pour la JSP: 

Une erreur s'est produite à la ligne: 29 dans le fichier jsp: /formulaire.jsp
Duplicate local variable titre
26:     <div>
27:         <label>Titre :</label>
28:         <%
29:             String titre = request.getParameter("titreInput");
30:             if(titre != null){
31:                 out.println("<input type=\"text\" name=\"titreInput\" value=\"" + titre + "\"/>");
32:             } else {


Une erreur s'est produite à la ligne: 40 dans le fichier jsp: /formulaire.jsp
Duplicate local variable auteur
37:     <div>
38:         <label>Auteur :</label>
39:         <%
40:             String auteur = request.getParameter("auteurInput");
41:             if(auteur != null){
42:                 out.println("<input type=\"text\" name=\"auteurInput\" value=\"" + auteur + "\"/>");
43:             } else {


Stacktrace:] with root cause
org.apache.jasper.JasperException: Impossible de compiler la classe pour la JSP: 

Une erreur s'est produite à la ligne: 29 dans le fichier jsp: /formulaire.jsp
Duplicate local variable titre
26:     <div>
27:         <label>Titre :</label>
28:         <%
29:             String titre = request.getParameter("titreInput");
30:             if(titre != null){
31:                 out.println("<input type=\"text\" name=\"titreInput\" value=\"" + titre + "\"/>");
32:             } else {


Une erreur s'est produite à la ligne: 40 dans le fichier jsp: /formulaire.jsp
Duplicate local variable auteur
37:     <div>
38:         <label>Auteur :</label>
39:         <%
40:             String auteur = request.getParameter("auteurInput");
41:             if(auteur != null){
42:                 out.println("<input type=\"text\" name=\"auteurInput\" value=\"" + auteur + "\"/>");
43:             } else {


Stacktrace:
	at org.apache.jasper.compiler.DefaultErrorHandler.javacError(DefaultErrorHandler.java:103)
	at org.apache.jasper.compiler.ErrorDispatcher.javacError(ErrorDispatcher.java:366)
	at org.apache.jasper.compiler.JDTCompiler.generateClass(JDTCompiler.java:476)
	at org.apache.jasper.compiler.Compiler.compile(Compiler.java:378)
	at org.apache.jasper.compiler.Compiler.compile(Compiler.java:353)
	at org.apache.jasper.compiler.Compiler.compile(Compiler.java:340)
	at org.apache.jasper.JspCompilationContext.compile(JspCompilationContext.java:657)
	at org.apache.jasper.servlet.JspServletWrapper.service(JspServletWrapper.java:357)
	at org.apache.jasper.servlet.JspServlet.serviceJspFile(JspServlet.java:390)
	at org.apache.jasper.servlet.JspServlet.service(JspServlet.java:334)
	at javax.servlet.http.HttpServlet.service(HttpServlet.java:727)
	at org.apache.catalina.core.ApplicationFilterChain.internalDoFilter(ApplicationFilterChain.java:303)
	at org.apache.catalina.core.ApplicationFilterChain.doFilter(ApplicationFilterChain.java:208)
	at org.apache.tomcat.websocket.server.WsFilter.doFilter(WsFilter.java:52)
	at org.apache.catalina.core.ApplicationFilterChain.internalDoFilter(ApplicationFilterChain.java:241)
	at org.apache.catalina.core.ApplicationFilterChain.doFilter(ApplicationFilterChain.java:208)
	at org.apache.catalina.core.StandardWrapperValve.invoke(StandardWrapperValve.java:220)
	at org.apache.catalina.core.StandardContextValve.invoke(StandardContextValve.java:122)
	at org.apache.tomee.catalina.OpenEJBValve.invoke(OpenEJBValve.java:44)
	at org.apache.catalina.authenticator.AuthenticatorBase.invoke(AuthenticatorBase.java:501)
	at org.apache.catalina.core.StandardHostValve.invoke(StandardHostValve.java:171)
	at org.apache.catalina.valves.ErrorReportValve.invoke(ErrorReportValve.java:103)
	at org.apache.catalina.valves.AccessLogValve.invoke(AccessLogValve.java:950)
	at org.apache.catalina.core.StandardEngineValve.invoke(StandardEngineValve.java:116)
	at org.apache.catalina.connector.CoyoteAdapter.service(CoyoteAdapter.java:408)
	at org.apache.coyote.http11.AbstractHttp11Processor.process(AbstractHttp11Processor.java:1070)
	at org.apache.coyote.AbstractProtocol$AbstractConnectionHandler.process(AbstractProtocol.java:611)
	at org.apache.tomcat.util.net.JIoEndpoint$SocketProcessor.run(JIoEndpoint.java:314)
	at java.util.concurrent.ThreadPoolExecutor.runWorker(ThreadPoolExecutor.java:1142)
	at java.util.concurrent.ThreadPoolExecutor$Worker.run(ThreadPoolExecutor.java:617)
	at org.apache.tomcat.util.threads.TaskThread$WrappingRunnable.run(TaskThread.java:61)
	at java.lang.Thread.run(Thread.java:745)

avr. 24, 2016 5:57:19 PM org.apache.catalina.core.StandardWrapperValve invoke
GRAVE: Servlet.service() for servlet [jsp] in context with path [] threw exception [Impossible de compiler la classe pour la JSP: 

Une erreur s'est produite à la ligne: 43 dans le fichier jsp: /formulaire.jsp
annee cannot be resolved to a variable
40:     </div>
41:     <div>
42:         <label>Ann&eacute;e de parution :</label>
43:         <input type="text" name="anneeInput" value=<%=annee%>></input>
44:     </div>
45:     
46:     <div class="button">


Stacktrace:] with root cause
org.apache.jasper.JasperException: Impossible de compiler la classe pour la JSP: 

Une erreur s'est produite à la ligne: 43 dans le fichier jsp: /formulaire.jsp
annee cannot be resolved to a variable
40:     </div>
41:     <div>
42:         <label>Ann&eacute;e de parution :</label>
43:         <input type="text" name="anneeInput" value=<%=annee%>></input>
44:     </div>
45:     
46:     <div class="button">


Stacktrace:
	at org.apache.jasper.compiler.DefaultErrorHandler.javacError(DefaultErrorHandler.java:103)
	at org.apache.jasper.compiler.ErrorDispatcher.javacError(ErrorDispatcher.java:366)
	at org.apache.jasper.compiler.JDTCompiler.generateClass(JDTCompiler.java:476)
	at org.apache.jasper.compiler.Compiler.compile(Compiler.java:378)
	at org.apache.jasper.compiler.Compiler.compile(Compiler.java:353)
	at org.apache.jasper.compiler.Compiler.compile(Compiler.java:340)
	at org.apache.jasper.JspCompilationContext.compile(JspCompilationContext.java:657)
	at org.apache.jasper.servlet.JspServletWrapper.service(JspServletWrapper.java:357)
	at org.apache.jasper.servlet.JspServlet.serviceJspFile(JspServlet.java:390)
	at org.apache.jasper.servlet.JspServlet.service(JspServlet.java:334)
	at javax.servlet.http.HttpServlet.service(HttpServlet.java:727)
	at org.apache.catalina.core.ApplicationFilterChain.internalDoFilter(ApplicationFilterChain.java:303)
	at org.apache.catalina.core.ApplicationFilterChain.doFilter(ApplicationFilterChain.java:208)
	at org.apache.tomcat.websocket.server.WsFilter.doFilter(WsFilter.java:52)
	at org.apache.catalina.core.ApplicationFilterChain.internalDoFilter(ApplicationFilterChain.java:241)
	at org.apache.catalina.core.ApplicationFilterChain.doFilter(ApplicationFilterChain.java:208)
	at org.apache.catalina.core.StandardWrapperValve.invoke(StandardWrapperValve.java:220)
	at org.apache.catalina.core.StandardContextValve.invoke(StandardContextValve.java:122)
	at org.apache.tomee.catalina.OpenEJBValve.invoke(OpenEJBValve.java:44)
	at org.apache.catalina.authenticator.AuthenticatorBase.invoke(AuthenticatorBase.java:501)
	at org.apache.catalina.core.StandardHostValve.invoke(StandardHostValve.java:171)
	at org.apache.catalina.valves.ErrorReportValve.invoke(ErrorReportValve.java:103)
	at org.apache.catalina.valves.AccessLogValve.invoke(AccessLogValve.java:950)
	at org.apache.catalina.core.StandardEngineValve.invoke(StandardEngineValve.java:116)
	at org.apache.catalina.connector.CoyoteAdapter.service(CoyoteAdapter.java:408)
	at org.apache.coyote.http11.AbstractHttp11Processor.process(AbstractHttp11Processor.java:1070)
	at org.apache.coyote.AbstractProtocol$AbstractConnectionHandler.process(AbstractProtocol.java:611)
	at org.apache.tomcat.util.net.JIoEndpoint$SocketProcessor.run(JIoEndpoint.java:314)
	at java.util.concurrent.ThreadPoolExecutor.runWorker(ThreadPoolExecutor.java:1142)
	at java.util.concurrent.ThreadPoolExecutor$Worker.run(ThreadPoolExecutor.java:617)
	at org.apache.tomcat.util.threads.TaskThread$WrappingRunnable.run(TaskThread.java:61)
	at java.lang.Thread.run(Thread.java:745)

